2025-08-31 00:24:46,730 - main - INFO - [logger.py:76] - 로깅 시스템 초기화 완료
2025-08-31 00:24:46,730 - main - INFO - [logger.py:76] - ============================================================
2025-08-31 00:24:46,731 - main - INFO - [logger.py:76] - 개선된 소스 분석기 시작
2025-08-31 00:24:46,731 - main - INFO - [logger.py:76] - ============================================================
2025-08-31 00:24:46,731 - main - CRITICAL - [logger.py:92] - 시스템 초기화 실패: 'type'
Traceback (most recent call last):
  File "E:\SourceAnalyzer.git\phase1\main.py", line 58, in __init__
    self.db_manager.initialize()
    ~~~~~~~~~~~~~~~~~~~~~~~~~~^^
  File "E:\SourceAnalyzer.git\phase1\models\database.py", line 392, in initialize
    if db_config['type'] == 'sqlite':
       ~~~~~~~~~^^^^^^^^
KeyError: 'type'
2025-08-31 00:29:14,316 - main - INFO - [logger.py:76] - 로깅 시스템 초기화 완료
2025-08-31 00:29:14,317 - main - INFO - [logger.py:76] - ============================================================
2025-08-31 00:29:14,317 - main - INFO - [logger.py:76] - 개선된 소스 분석기 시작
2025-08-31 00:29:14,317 - main - INFO - [logger.py:76] - ============================================================
2025-08-31 00:29:14,317 - main - CRITICAL - [logger.py:92] - 시스템 초기화 실패: 'database'
Traceback (most recent call last):
  File "E:\SourceAnalyzer.git\phase1\main.py", line 59, in __init__
    self.db_manager.initialize()
    ~~~~~~~~~~~~~~~~~~~~~~~~~~^^
  File "E:\SourceAnalyzer.git\phase1\models\database.py", line 387, in initialize
    db_config = self.config['database']
                ~~~~~~~~~~~^^^^^^^^^^^^
KeyError: 'database'
2025-08-31 00:31:13,941 - main - INFO - [logger.py:76] - 로깅 시스템 초기화 완료
2025-08-31 00:31:13,941 - main - INFO - [logger.py:76] - ============================================================
2025-08-31 00:31:13,942 - main - INFO - [logger.py:76] - 개선된 소스 분석기 시작
2025-08-31 00:31:13,942 - main - INFO - [logger.py:76] - ============================================================
2025-08-31 00:31:14,136 - main - INFO - [logger.py:76] - 데이터베이스 연결 성공
2025-08-31 00:31:14,138 - main - INFO - [logger.py:76] - Java 파서 초기화 완료
2025-08-31 00:31:14,139 - main - INFO - [logger.py:76] - JSP/MyBatis 파서 초기화 완료
2025-08-31 00:31:14,140 - main - INFO - [logger.py:76] - SQL 파서 초기화 완료
2025-08-31 00:31:14,140 - main - INFO - [logger.py:76] - 파서 초기화 완료: ['java', 'jsp_mybatis', 'sql']
2025-08-31 00:31:14,142 - confidence_validator - WARNING - [logger.py:80] - Ground truth file not found: ./config/phase1/ground_truth_data.json
2025-08-31 00:31:14,143 - confidence_validator - ERROR - [logger.py:87] - Failed to save ground truth data: [Errno 2] No such file or directory: './config/phase1/ground_truth_data.json'
2025-08-31 00:31:14,143 - confidence_validator - INFO - [logger.py:76] - Created sample ground truth data
2025-08-31 00:31:14,143 - main - INFO - [logger.py:76] - Confidence formula 검증 시작...
2025-08-31 00:31:14,144 - confidence_calculator - DEBUG - [logger.py:72] - 신뢰도 계산: parsing#-53757445015583736 | 0.626 -> 0.596 | 요인: {'ast': 0.8400000000000001, 'static': 0.4, 'db_match': 0.5, 'heuristic': 0.7, 'complexity_penalty': -0.03}
2025-08-31 00:31:14,144 - confidence_calculator - DEBUG - [logger.py:72] - 신뢰도 계산: parsing#293208577870328564 | 0.502 -> 0.162 | 요인: {'ast': 0.32999999999999996, 'static': 0.4, 'db_match': 1.0, 'heuristic': 0.5, 'complexity_penalty': -0.33999999999999997}
2025-08-31 00:31:14,144 - main - INFO - [logger.py:76] - Confidence formula MAE: 0.406
2025-08-31 00:31:14,144 - main - WARNING - [logger.py:80] - Confidence 오류가 큼: 40.6% - 캘리브레이션 균인
2025-08-31 00:31:14,144 - main - INFO - [logger.py:76] - 자동 confidence 캘리브레이션 시도...
2025-08-31 00:31:14,144 - main - INFO - [logger.py:76] - 현재 가중치가 최적 상태
2025-08-31 00:31:14,146 - main - DEBUG - [logger.py:72] - 성능 측정 시작: 프로젝트 'sampleSrc' 전체 분석
2025-08-31 00:31:14,146 - main - INFO - [logger.py:76] - 프로젝트 등록 중: sampleSrc (../project/sampleSrc/src)
2025-08-31 00:31:14,177 - main - INFO - [logger.py:76] - DB 스키마 정보 로드 시작: 프로젝트 'sampleSrc'
2025-08-31 00:31:14,177 - main - WARNING - [logger.py:80] - DB 스키마 디렉토리가 비어있습니다: ./project/sampleSrc/db_schema
2025-08-31 00:31:14,178 - main - INFO - [logger.py:76] - DB 스키마 CSV 파일이 없습니다: ./project/sampleSrc/db_schema
2025-08-31 00:31:14,178 - main - INFO - [logger.py:76] -   필요시 다음 CSV 파일들을 해당 디렉토리에 업로드하세요:
2025-08-31 00:31:14,178 - main - INFO - [logger.py:76] -   - ALL_TABLES.csv, ALL_TAB_COLUMNS.csv, PK_INFO.csv, ALL_VIEWS.csv
2025-08-31 00:31:14,178 - main - DEBUG - [logger.py:72] - 파일 수집 중: ../project/sampleSrc/src
2025-08-31 00:31:14,178 - main - DEBUG - [logger.py:72] - 포함 패턴: ['**/*.java', '**/*.jsp', '**/*.xml', '**/*.properties']
2025-08-31 00:31:14,178 - main - DEBUG - [logger.py:72] - 제외 패턴: ['**/target/**', '**/build/**', '**/test/**', '**/.git/**']
2025-08-31 00:31:14,182 - main - DEBUG - [logger.py:72] - 수집된 파일 수: 22
2025-08-31 00:31:14,182 - main - INFO - [logger.py:76] - 발견된 소스 파일: 22개
2025-08-31 00:31:14,182 - main - DEBUG - [logger.py:72] - 파일 분석 시작: ../project/sampleSrc/src\main\java\com\example\integrated\IntegratedMapper.java
2025-08-31 00:31:14,191 - engine.metadata - DEBUG - [logger.py:72] - Java 분석 - 전체 엣지: 0, 저장 엣지: 0
2025-08-31 00:31:14,195 - main - DEBUG - [logger.py:72] - 파일 분석 시작: ../project/sampleSrc/src\main\java\com\example\integrated\IntegratedService.java
2025-08-31 00:31:14,202 - engine.metadata - DEBUG - [logger.py:72] - Java 분석 - 전체 엣지: 7, 저장 엣지: 7
2025-08-31 00:31:14,208 - main - ERROR - [logger.py:87] - 파일 분석 오류 ../project/sampleSrc/src\main\java\com\example\integrated\IntegratedService.java: (sqlite3.IntegrityError) NOT NULL constraint failed: edges.project_id
[SQL: INSERT INTO edges (project_id, src_type, src_id, dst_type, dst_id, edge_kind, confidence, meta, created_at) VALUES (?, ?, ?, ?, ?, ?, ?, ?, ?) RETURNING edge_id]
[parameters: (None, 'method', 5, 'method', None, 'call', 0.8, '{"called_name": "doWork"}', '2025-08-30 15:31:14.206250')]
(Background on this error at: https://sqlalche.me/e/20/gkpj)
2025-08-31 00:31:14,208 - main - DEBUG - [logger.py:72] - 파일 분석 시작: ../project/sampleSrc/src\main\java\com\example\integrated\VulnerabilityTestService.java
2025-08-31 00:31:14,226 - engine.metadata - DEBUG - [logger.py:72] - Java 분석 - 전체 엣지: 14, 저장 엣지: 14
2025-08-31 00:31:14,230 - main - ERROR - [logger.py:87] - 파일 분석 오류 ../project/sampleSrc/src\main\java\com\example\integrated\VulnerabilityTestService.java: (sqlite3.IntegrityError) NOT NULL constraint failed: edges.project_id
[SQL: INSERT INTO edges (project_id, src_type, src_id, dst_type, dst_id, edge_kind, confidence, meta, created_at) VALUES (?, ?, ?, ?, ?, ?, ?, ?, ?) RETURNING edge_id]
[parameters: (None, 'method', 5, 'method', None, 'call', 0.8, '{"called_name": "executeVulnerableQuery"}', '2025-08-30 15:31:14.227821')]
(Background on this error at: https://sqlalche.me/e/20/gkpj)
2025-08-31 00:31:14,230 - main - DEBUG - [logger.py:72] - 파일 분석 시작: ../project/sampleSrc/src\main\java\com\example\mapper\OrderMapper.java
2025-08-31 00:31:14,239 - engine.metadata - DEBUG - [logger.py:72] - Java 분석 - 전체 엣지: 0, 저장 엣지: 0
2025-08-31 00:31:14,243 - main - DEBUG - [logger.py:72] - 파일 분석 시작: ../project/sampleSrc/src\main\java\com\example\mapper\ProductMapper.java
2025-08-31 00:31:14,249 - engine.metadata - DEBUG - [logger.py:72] - Java 분석 - 전체 엣지: 0, 저장 엣지: 0
2025-08-31 00:31:14,253 - main - DEBUG - [logger.py:72] - 파일 분석 시작: ../project/sampleSrc/src\main\java\com\example\mapper\UserMapper.java
2025-08-31 00:31:14,259 - engine.metadata - DEBUG - [logger.py:72] - Java 분석 - 전체 엣지: 0, 저장 엣지: 0
2025-08-31 00:31:14,263 - main - DEBUG - [logger.py:72] - 파일 분석 시작: ../project/sampleSrc/src\main\java\com\example\service\ListService.java
2025-08-31 00:31:14,271 - engine.metadata - DEBUG - [logger.py:72] - Java 분석 - 전체 엣지: 0, 저장 엣지: 0
2025-08-31 00:31:14,275 - main - DEBUG - [logger.py:72] - 파일 분석 시작: ../project/sampleSrc/src\main\java\com\example\service\OrderService.java
2025-08-31 00:31:14,283 - engine.metadata - DEBUG - [logger.py:72] - Java 분석 - 전체 엣지: 3, 저장 엣지: 3
2025-08-31 00:31:14,286 - main - ERROR - [logger.py:87] - 파일 분석 오류 ../project/sampleSrc/src\main\java\com\example\service\OrderService.java: (sqlite3.IntegrityError) NOT NULL constraint failed: edges.project_id
[SQL: INSERT INTO edges (project_id, src_type, src_id, dst_type, dst_id, edge_kind, confidence, meta, created_at) VALUES (?, ?, ?, ?, ?, ?, ?, ?, ?) RETURNING edge_id]
[parameters: (None, 'method', 24, 'method', None, 'call', 0.8, '{"called_name": "add"}', '2025-08-30 15:31:14.284527')]
(Background on this error at: https://sqlalche.me/e/20/gkpj)
2025-08-31 00:31:14,287 - main - DEBUG - [logger.py:72] - 파일 분석 시작: ../project/sampleSrc/src\main\java\com\example\service\OverloadService.java
2025-08-31 00:31:14,292 - engine.metadata - DEBUG - [logger.py:72] - Java 분석 - 전체 엣지: 1, 저장 엣지: 1
2025-08-31 00:31:14,294 - main - ERROR - [logger.py:87] - 파일 분석 오류 ../project/sampleSrc/src\main\java\com\example\service\OverloadService.java: (sqlite3.IntegrityError) NOT NULL constraint failed: edges.project_id
[SQL: INSERT INTO edges (project_id, src_type, src_id, dst_type, dst_id, edge_kind, confidence, meta, created_at) VALUES (?, ?, ?, ?, ?, ?, ?, ?, ?)]
[parameters: (None, 'method', 24, 'method', None, 'call', 0.8, '{"called_name": "list"}', '2025-08-30 15:31:14.293213')]
(Background on this error at: https://sqlalche.me/e/20/gkpj)
2025-08-31 00:31:14,295 - main - DEBUG - [logger.py:72] - 파일 분석 시작: ../project/sampleSrc/src\main\java\com\example\service\ProductService.java
2025-08-31 00:31:14,304 - engine.metadata - DEBUG - [logger.py:72] - Java 분석 - 전체 엣지: 4, 저장 엣지: 4
2025-08-31 00:31:14,307 - main - ERROR - [logger.py:87] - 파일 분석 오류 ../project/sampleSrc/src\main\java\com\example\service\ProductService.java: (sqlite3.IntegrityError) NOT NULL constraint failed: edges.project_id
[SQL: INSERT INTO edges (project_id, src_type, src_id, dst_type, dst_id, edge_kind, confidence, meta, created_at) VALUES (?, ?, ?, ?, ?, ?, ?, ?, ?) RETURNING edge_id]
[parameters: (None, 'method', 24, 'method', None, 'call', 0.8, '{"called_name": "selectAllProducts"}', '2025-08-30 15:31:14.305300')]
(Background on this error at: https://sqlalche.me/e/20/gkpj)
2025-08-31 00:31:14,307 - main - DEBUG - [logger.py:72] - 파일 분석 시작: ../project/sampleSrc/src\main\java\com\example\service\UserService.java
2025-08-31 00:31:14,316 - engine.metadata - DEBUG - [logger.py:72] - Java 분석 - 전체 엣지: 5, 저장 엣지: 5
2025-08-31 00:31:14,318 - main - ERROR - [logger.py:87] - 파일 분석 오류 ../project/sampleSrc/src\main\java\com\example\service\UserService.java: (sqlite3.IntegrityError) NOT NULL constraint failed: edges.project_id
[SQL: INSERT INTO edges (project_id, src_type, src_id, dst_type, dst_id, edge_kind, confidence, meta, created_at) VALUES (?, ?, ?, ?, ?, ?, ?, ?, ?) RETURNING edge_id]
[parameters: (None, 'method', 24, 'method', None, 'call', 0.8, '{"called_name": "ofNullable"}', '2025-08-30 15:31:14.316820')]
(Background on this error at: https://sqlalche.me/e/20/gkpj)
2025-08-31 00:31:14,319 - main - DEBUG - [logger.py:72] - 파일 분석 시작: ../project/sampleSrc/src\main\java\com\example\service\impl\ListServiceImpl1.java
2025-08-31 00:31:14,326 - engine.metadata - DEBUG - [logger.py:72] - Java 분석 - 전체 엣지: 2, 저장 엣지: 1
2025-08-31 00:31:14,328 - main - ERROR - [logger.py:87] - 파일 분석 오류 ../project/sampleSrc/src\main\java\com\example\service\impl\ListServiceImpl1.java: (sqlite3.IntegrityError) NOT NULL constraint failed: edges.project_id
[SQL: INSERT INTO edges (project_id, src_type, src_id, dst_type, dst_id, edge_kind, confidence, meta, created_at) VALUES (?, ?, ?, ?, ?, ?, ?, ?, ?)]
[parameters: (None, 'method', 24, 'method', None, 'call', 0.8, '{"called_name": "helper"}', '2025-08-30 15:31:14.326900')]
(Background on this error at: https://sqlalche.me/e/20/gkpj)
2025-08-31 00:31:14,331 - main - DEBUG - [logger.py:72] - 파일 분석 시작: ../project/sampleSrc/src\main\java\com\example\util\Texts.java
2025-08-31 00:31:14,337 - engine.metadata - DEBUG - [logger.py:72] - Java 분석 - 전체 엣지: 1, 저장 엣지: 1
2025-08-31 00:31:14,339 - main - ERROR - [logger.py:87] - 파일 분석 오류 ../project/sampleSrc/src\main\java\com\example\util\Texts.java: (sqlite3.IntegrityError) NOT NULL constraint failed: edges.project_id
[SQL: INSERT INTO edges (project_id, src_type, src_id, dst_type, dst_id, edge_kind, confidence, meta, created_at) VALUES (?, ?, ?, ?, ?, ?, ?, ?, ?)]
[parameters: (None, 'method', 24, 'method', None, 'call', 0.8, '{"called_name": "isEmpty"}', '2025-08-30 15:31:14.338205')]
(Background on this error at: https://sqlalche.me/e/20/gkpj)
2025-08-31 00:31:14,340 - main - DEBUG - [logger.py:72] - 파일 분석 시작: ../project/sampleSrc/src\main\resources\mybatis\IntegratedMapper.xml
2025-08-31 00:31:14,366 - engine.metadata - DEBUG - [logger.py:72] - JSP/MyBatis 분석 - 전체 엣지: 0, 유효한 엣지: 0
2025-08-31 00:31:14,371 - main - DEBUG - [logger.py:72] - 파일 분석 시작: ../project/sampleSrc/src\main\resources\mybatis\OrderMapper.xml
2025-08-31 00:31:14,392 - engine.metadata - DEBUG - [logger.py:72] - JSP/MyBatis 분석 - 전체 엣지: 0, 유효한 엣지: 0
2025-08-31 00:31:14,393 - engine.metadata - INFO - [logger.py:76] - 취약점 저장 완료: 2개
2025-08-31 00:31:14,400 - main - DEBUG - [logger.py:72] - 파일 분석 시작: ../project/sampleSrc/src\main\resources\mybatis\ProductMapper.xml
2025-08-31 00:31:14,422 - engine.metadata - DEBUG - [logger.py:72] - JSP/MyBatis 분석 - 전체 엣지: 0, 유효한 엣지: 0
2025-08-31 00:31:14,422 - engine.metadata - INFO - [logger.py:76] - 취약점 저장 완료: 2개
2025-08-31 00:31:14,427 - main - DEBUG - [logger.py:72] - 파일 분석 시작: ../project/sampleSrc/src\main\resources\mybatis\TestJoinMapper.xml
2025-08-31 00:31:14,442 - engine.metadata - DEBUG - [logger.py:72] - JSP/MyBatis 분석 - 전체 엣지: 0, 유효한 엣지: 0
2025-08-31 00:31:14,447 - main - DEBUG - [logger.py:72] - 파일 분석 시작: ../project/sampleSrc/src\main\resources\mybatis\UserMapper.xml
2025-08-31 00:31:14,465 - engine.metadata - DEBUG - [logger.py:72] - JSP/MyBatis 분석 - 전체 엣지: 0, 유효한 엣지: 0
2025-08-31 00:31:14,466 - engine.metadata - INFO - [logger.py:76] - 취약점 저장 완료: 2개
2025-08-31 00:31:14,471 - main - DEBUG - [logger.py:72] - 파일 분석 시작: ../project/sampleSrc/src\main\webapp\WEB-INF\jsp\IntegratedView.jsp
2025-08-31 00:31:14,482 - engine.metadata - DEBUG - [logger.py:72] - JSP/MyBatis 분석 - 전체 엣지: 0, 유효한 엣지: 0
2025-08-31 00:31:14,483 - engine.metadata - INFO - [logger.py:76] - 취약점 저장 완료: 4개
2025-08-31 00:31:14,488 - main - DEBUG - [logger.py:72] - 파일 분석 시작: ../project/sampleSrc/src\main\webapp\WEB-INF\jsp\order\orderView.jsp
2025-08-31 00:31:14,511 - engine.metadata - DEBUG - [logger.py:72] - JSP/MyBatis 분석 - 전체 엣지: 0, 유효한 엣지: 0
2025-08-31 00:31:14,512 - engine.metadata - INFO - [logger.py:76] - 취약점 저장 완료: 14개
2025-08-31 00:31:14,518 - main - DEBUG - [logger.py:72] - 파일 분석 시작: ../project/sampleSrc/src\main\webapp\WEB-INF\jsp\product\productSearch.jsp
2025-08-31 00:31:14,573 - engine.metadata - DEBUG - [logger.py:72] - JSP/MyBatis 분석 - 전체 엣지: 0, 유효한 엣지: 0
2025-08-31 00:31:14,573 - engine.metadata - INFO - [logger.py:76] - 취약점 저장 완료: 21개
2025-08-31 00:31:14,581 - main - DEBUG - [logger.py:72] - 파일 분석 시작: ../project/sampleSrc/src\main\webapp\WEB-INF\jsp\user\userList.jsp
2025-08-31 00:31:14,597 - engine.metadata - DEBUG - [logger.py:72] - JSP/MyBatis 분석 - 전체 엣지: 0, 유효한 엣지: 0
2025-08-31 00:31:14,598 - engine.metadata - INFO - [logger.py:76] - 취약점 저장 완료: 9개
2025-08-31 00:31:14,608 - main - INFO - [logger.py:76] - 의존성 그래프 구축 중
2025-08-31 00:31:14,610 - engine.metadata - INFO - [logger.py:76] - 메서드 호출 관계 해결 완료: 0개 처리
2025-08-31 00:31:14,613 - engine.metadata - DEBUG - [logger.py:72] - 기본 스키마 'SAMPLE'에서 테이블 'public.o' 못 찾음, 전역 검색 시도
2025-08-31 00:31:14,615 - engine.metadata - WARNING - [logger.py:80] - 테이블을 찾을 수 없음: public.o (스키마: SAMPLE)
2025-08-31 00:31:14,617 - engine.metadata - DEBUG - [logger.py:72] - 기본 스키마 'SAMPLE'에서 테이블 'public.o' 못 찾음, 전역 검색 시도
2025-08-31 00:31:14,618 - engine.metadata - WARNING - [logger.py:80] - 테이블을 찾을 수 없음: public.o (스키마: SAMPLE)
2025-08-31 00:31:14,622 - engine.metadata - DEBUG - [logger.py:72] - 기본 스키마 'SAMPLE'에서 테이블 'public.p' 못 찾음, 전역 검색 시도
2025-08-31 00:31:14,623 - engine.metadata - WARNING - [logger.py:80] - 테이블을 찾을 수 없음: public.p (스키마: SAMPLE)
2025-08-31 00:31:14,623 - engine.metadata - DEBUG - [logger.py:72] - 기본 스키마 'SAMPLE'에서 테이블 'public.p' 못 찾음, 전역 검색 시도
2025-08-31 00:31:14,624 - engine.metadata - WARNING - [logger.py:80] - 테이블을 찾을 수 없음: public.p (스키마: SAMPLE)
2025-08-31 00:31:14,624 - engine.metadata - DEBUG - [logger.py:72] - 기본 스키마 'SAMPLE'에서 테이블 'public.p' 못 찾음, 전역 검색 시도
2025-08-31 00:31:14,625 - engine.metadata - WARNING - [logger.py:80] - 테이블을 찾을 수 없음: public.p (스키마: SAMPLE)
2025-08-31 00:31:14,628 - engine.metadata - DEBUG - [logger.py:72] - 기본 스키마 'SAMPLE'에서 테이블 'public.u' 못 찾음, 전역 검색 시도
2025-08-31 00:31:14,629 - engine.metadata - WARNING - [logger.py:80] - 테이블을 찾을 수 없음: public.u (스키마: SAMPLE)
2025-08-31 00:31:14,629 - engine.metadata - DEBUG - [logger.py:72] - 기본 스키마 'SAMPLE'에서 테이블 'public.u' 못 찾음, 전역 검색 시도
2025-08-31 00:31:14,630 - engine.metadata - WARNING - [logger.py:80] - 테이블을 찾을 수 없음: public.u (스키마: SAMPLE)
2025-08-31 00:31:14,638 - engine.metadata - DEBUG - [logger.py:72] - 기본 스키마 'SAMPLE'에서 테이블 'public.oi' 못 찾음, 전역 검색 시도
2025-08-31 00:31:14,638 - engine.metadata - WARNING - [logger.py:80] - 테이블을 찾을 수 없음: public.oi (스키마: SAMPLE)
2025-08-31 00:31:14,643 - engine.metadata - DEBUG - [logger.py:72] - 기본 스키마 'SAMPLE'에서 테이블 'public.o' 못 찾음, 전역 검색 시도
2025-08-31 00:31:14,643 - engine.metadata - WARNING - [logger.py:80] - 테이블을 찾을 수 없음: public.o (스키마: SAMPLE)
2025-08-31 00:31:14,644 - engine.metadata - DEBUG - [logger.py:72] - 기본 스키마 'SAMPLE'에서 테이블 'public.p' 못 찾음, 전역 검색 시도
2025-08-31 00:31:14,645 - engine.metadata - WARNING - [logger.py:80] - 테이블을 찾을 수 없음: public.p (스키마: SAMPLE)
2025-08-31 00:31:14,645 - engine.metadata - DEBUG - [logger.py:72] - 기본 스키마 'SAMPLE'에서 테이블 'public.p' 못 찾음, 전역 검색 시도
2025-08-31 00:31:14,646 - engine.metadata - WARNING - [logger.py:80] - 테이블을 찾을 수 없음: public.p (스키마: SAMPLE)
2025-08-31 00:31:14,672 - main - INFO - [logger.py:76] - 프로젝트 분석 완료: sampleSrc (0.53초)
2025-08-31 00:31:14,672 - main - INFO - [logger.py:76] - 성능: 프로젝트 'sampleSrc' 전체 분석 | 0.53초
2025-08-31 00:32:06,294 - main - INFO - [logger.py:76] - 로깅 시스템 초기화 완료
2025-08-31 00:32:06,294 - main - INFO - [logger.py:76] - ============================================================
2025-08-31 00:32:06,295 - main - INFO - [logger.py:76] - 개선된 소스 분석기 시작
2025-08-31 00:32:06,295 - main - INFO - [logger.py:76] - ============================================================
2025-08-31 00:32:06,310 - main - INFO - [logger.py:76] - 데이터베이스 연결 성공
2025-08-31 00:32:06,312 - main - INFO - [logger.py:76] - Java 파서 초기화 완료
2025-08-31 00:32:06,313 - main - INFO - [logger.py:76] - JSP/MyBatis 파서 초기화 완료
2025-08-31 00:32:06,313 - main - INFO - [logger.py:76] - SQL 파서 초기화 완료
2025-08-31 00:32:06,314 - main - INFO - [logger.py:76] - 파서 초기화 완료: ['java', 'jsp_mybatis', 'sql']
2025-08-31 00:32:06,315 - confidence_validator - WARNING - [logger.py:80] - Ground truth file not found: ./config/phase1/ground_truth_data.json
2025-08-31 00:32:06,316 - confidence_validator - ERROR - [logger.py:87] - Failed to save ground truth data: [Errno 2] No such file or directory: './config/phase1/ground_truth_data.json'
2025-08-31 00:32:06,316 - confidence_validator - INFO - [logger.py:76] - Created sample ground truth data
2025-08-31 00:32:06,316 - main - INFO - [logger.py:76] - Confidence formula 검증 시작...
2025-08-31 00:32:06,316 - confidence_calculator - DEBUG - [logger.py:72] - 신뢰도 계산: parsing#3747800504684056383 | 0.626 -> 0.596 | 요인: {'ast': 0.8400000000000001, 'static': 0.4, 'db_match': 0.5, 'heuristic': 0.7, 'complexity_penalty': -0.03}
2025-08-31 00:32:06,317 - confidence_calculator - DEBUG - [logger.py:72] - 신뢰도 계산: parsing#-4165150588701204274 | 0.502 -> 0.162 | 요인: {'ast': 0.32999999999999996, 'static': 0.4, 'db_match': 1.0, 'heuristic': 0.5, 'complexity_penalty': -0.33999999999999997}
2025-08-31 00:32:06,317 - main - INFO - [logger.py:76] - Confidence formula MAE: 0.406
2025-08-31 00:32:06,317 - main - WARNING - [logger.py:80] - Confidence 오류가 큼: 40.6% - 캘리브레이션 균인
2025-08-31 00:32:06,317 - main - INFO - [logger.py:76] - 자동 confidence 캘리브레이션 시도...
2025-08-31 00:32:06,318 - main - INFO - [logger.py:76] - 현재 가중치가 최적 상태
2025-08-31 00:32:06,319 - main - DEBUG - [logger.py:72] - 성능 측정 시작: 프로젝트 'sampleSrc' 전체 분석
2025-08-31 00:32:06,324 - main - INFO - [logger.py:76] - 프로젝트 등록 중: sampleSrc (../project/sampleSrc/src)
2025-08-31 00:32:06,351 - main - INFO - [logger.py:76] - DB 스키마 정보 로드 시작: 프로젝트 'sampleSrc'
2025-08-31 00:32:06,352 - main - WARNING - [logger.py:80] - 지원되는 CSV 파일이 없습니다. 필요한 파일: ['ALL_TABLES.csv', 'ALL_TAB_COLUMNS.csv', 'PK_INFO.csv', 'ALL_VIEWS.csv']
2025-08-31 00:32:06,352 - main - INFO - [logger.py:76] - DB 스키마 CSV 파일이 없습니다: ./project/sampleSrc/db_schema
2025-08-31 00:32:06,352 - main - INFO - [logger.py:76] -   필요시 다음 CSV 파일들을 해당 디렉토리에 업로드하세요:
2025-08-31 00:32:06,353 - main - INFO - [logger.py:76] -   - ALL_TABLES.csv, ALL_TAB_COLUMNS.csv, PK_INFO.csv, ALL_VIEWS.csv
2025-08-31 00:32:06,353 - main - DEBUG - [logger.py:72] - 파일 수집 중: ../project/sampleSrc/src
2025-08-31 00:32:06,353 - main - DEBUG - [logger.py:72] - 포함 패턴: ['**/*.java', '**/*.jsp', '**/*.xml', '**/*.properties']
2025-08-31 00:32:06,353 - main - DEBUG - [logger.py:72] - 제외 패턴: ['**/target/**', '**/build/**', '**/test/**', '**/.git/**']
2025-08-31 00:32:06,357 - main - DEBUG - [logger.py:72] - 수집된 파일 수: 22
2025-08-31 00:32:06,357 - main - INFO - [logger.py:76] - 발견된 소스 파일: 22개
2025-08-31 00:32:06,358 - main - DEBUG - [logger.py:72] - 파일 분석 시작: ../project/sampleSrc/src\main\java\com\example\integrated\IntegratedMapper.java
2025-08-31 00:32:06,369 - engine.metadata - DEBUG - [logger.py:72] - Java 분석 - 전체 엣지: 0, 저장 엣지: 0
2025-08-31 00:32:06,376 - main - DEBUG - [logger.py:72] - 파일 분석 시작: ../project/sampleSrc/src\main\java\com\example\integrated\IntegratedService.java
2025-08-31 00:32:06,382 - engine.metadata - DEBUG - [logger.py:72] - Java 분석 - 전체 엣지: 7, 저장 엣지: 7
2025-08-31 00:32:06,386 - main - ERROR - [logger.py:87] - 파일 분석 오류 ../project/sampleSrc/src\main\java\com\example\integrated\IntegratedService.java: (sqlite3.IntegrityError) NOT NULL constraint failed: edges.project_id
[SQL: INSERT INTO edges (project_id, src_type, src_id, dst_type, dst_id, edge_kind, confidence, meta, created_at) VALUES (?, ?, ?, ?, ?, ?, ?, ?, ?) RETURNING edge_id]
[parameters: (None, 'method', 28, 'method', None, 'call', 0.8, '{"called_name": "doWork"}', '2025-08-30 15:32:06.383808')]
(Background on this error at: https://sqlalche.me/e/20/gkpj)
2025-08-31 00:32:06,386 - main - DEBUG - [logger.py:72] - 파일 분석 시작: ../project/sampleSrc/src\main\java\com\example\integrated\VulnerabilityTestService.java
2025-08-31 00:32:06,399 - engine.metadata - DEBUG - [logger.py:72] - Java 분석 - 전체 엣지: 14, 저장 엣지: 14
2025-08-31 00:32:06,403 - main - ERROR - [logger.py:87] - 파일 분석 오류 ../project/sampleSrc/src\main\java\com\example\integrated\VulnerabilityTestService.java: (sqlite3.IntegrityError) NOT NULL constraint failed: edges.project_id
[SQL: INSERT INTO edges (project_id, src_type, src_id, dst_type, dst_id, edge_kind, confidence, meta, created_at) VALUES (?, ?, ?, ?, ?, ?, ?, ?, ?) RETURNING edge_id]
[parameters: (None, 'method', 28, 'method', None, 'call', 0.8, '{"called_name": "executeVulnerableQuery"}', '2025-08-30 15:32:06.401721')]
(Background on this error at: https://sqlalche.me/e/20/gkpj)
2025-08-31 00:32:06,404 - main - DEBUG - [logger.py:72] - 파일 분석 시작: ../project/sampleSrc/src\main\java\com\example\mapper\OrderMapper.java
2025-08-31 00:32:06,409 - engine.metadata - DEBUG - [logger.py:72] - Java 분석 - 전체 엣지: 0, 저장 엣지: 0
2025-08-31 00:32:06,413 - main - DEBUG - [logger.py:72] - 파일 분석 시작: ../project/sampleSrc/src\main\java\com\example\mapper\ProductMapper.java
2025-08-31 00:32:06,417 - engine.metadata - DEBUG - [logger.py:72] - Java 분석 - 전체 엣지: 0, 저장 엣지: 0
2025-08-31 00:32:06,422 - main - DEBUG - [logger.py:72] - 파일 분석 시작: ../project/sampleSrc/src\main\java\com\example\mapper\UserMapper.java
2025-08-31 00:32:06,426 - engine.metadata - DEBUG - [logger.py:72] - Java 분석 - 전체 엣지: 0, 저장 엣지: 0
2025-08-31 00:32:06,430 - main - DEBUG - [logger.py:72] - 파일 분석 시작: ../project/sampleSrc/src\main\java\com\example\service\ListService.java
2025-08-31 00:32:06,433 - engine.metadata - DEBUG - [logger.py:72] - Java 분석 - 전체 엣지: 0, 저장 엣지: 0
2025-08-31 00:32:06,438 - main - DEBUG - [logger.py:72] - 파일 분석 시작: ../project/sampleSrc/src\main\java\com\example\service\OrderService.java
2025-08-31 00:32:06,445 - engine.metadata - DEBUG - [logger.py:72] - Java 분석 - 전체 엣지: 3, 저장 엣지: 3
2025-08-31 00:32:06,450 - main - ERROR - [logger.py:87] - 파일 분석 오류 ../project/sampleSrc/src\main\java\com\example\service\OrderService.java: (sqlite3.IntegrityError) NOT NULL constraint failed: edges.project_id
[SQL: INSERT INTO edges (project_id, src_type, src_id, dst_type, dst_id, edge_kind, confidence, meta, created_at) VALUES (?, ?, ?, ?, ?, ?, ?, ?, ?) RETURNING edge_id]
[parameters: (None, 'method', 47, 'method', None, 'call', 0.8, '{"called_name": "add"}', '2025-08-30 15:32:06.446573')]
(Background on this error at: https://sqlalche.me/e/20/gkpj)
2025-08-31 00:32:06,451 - main - DEBUG - [logger.py:72] - 파일 분석 시작: ../project/sampleSrc/src\main\java\com\example\service\OverloadService.java
2025-08-31 00:32:06,456 - engine.metadata - DEBUG - [logger.py:72] - Java 분석 - 전체 엣지: 1, 저장 엣지: 1
2025-08-31 00:32:06,458 - main - ERROR - [logger.py:87] - 파일 분석 오류 ../project/sampleSrc/src\main\java\com\example\service\OverloadService.java: (sqlite3.IntegrityError) NOT NULL constraint failed: edges.project_id
[SQL: INSERT INTO edges (project_id, src_type, src_id, dst_type, dst_id, edge_kind, confidence, meta, created_at) VALUES (?, ?, ?, ?, ?, ?, ?, ?, ?)]
[parameters: (None, 'method', 47, 'method', None, 'call', 0.8, '{"called_name": "list"}', '2025-08-30 15:32:06.457176')]
(Background on this error at: https://sqlalche.me/e/20/gkpj)
2025-08-31 00:32:06,459 - main - DEBUG - [logger.py:72] - 파일 분석 시작: ../project/sampleSrc/src\main\java\com\example\service\ProductService.java
2025-08-31 00:32:06,465 - engine.metadata - DEBUG - [logger.py:72] - Java 분석 - 전체 엣지: 4, 저장 엣지: 4
2025-08-31 00:32:06,469 - main - ERROR - [logger.py:87] - 파일 분석 오류 ../project/sampleSrc/src\main\java\com\example\service\ProductService.java: (sqlite3.IntegrityError) NOT NULL constraint failed: edges.project_id
[SQL: INSERT INTO edges (project_id, src_type, src_id, dst_type, dst_id, edge_kind, confidence, meta, created_at) VALUES (?, ?, ?, ?, ?, ?, ?, ?, ?) RETURNING edge_id]
[parameters: (None, 'method', 47, 'method', None, 'call', 0.8, '{"called_name": "selectAllProducts"}', '2025-08-30 15:32:06.467855')]
(Background on this error at: https://sqlalche.me/e/20/gkpj)
2025-08-31 00:32:06,470 - main - DEBUG - [logger.py:72] - 파일 분석 시작: ../project/sampleSrc/src\main\java\com\example\service\UserService.java
2025-08-31 00:32:06,475 - engine.metadata - DEBUG - [logger.py:72] - Java 분석 - 전체 엣지: 5, 저장 엣지: 5
2025-08-31 00:32:06,477 - main - ERROR - [logger.py:87] - 파일 분석 오류 ../project/sampleSrc/src\main\java\com\example\service\UserService.java: (sqlite3.IntegrityError) NOT NULL constraint failed: edges.project_id
[SQL: INSERT INTO edges (project_id, src_type, src_id, dst_type, dst_id, edge_kind, confidence, meta, created_at) VALUES (?, ?, ?, ?, ?, ?, ?, ?, ?) RETURNING edge_id]
[parameters: (None, 'method', 47, 'method', None, 'call', 0.8, '{"called_name": "ofNullable"}', '2025-08-30 15:32:06.475905')]
(Background on this error at: https://sqlalche.me/e/20/gkpj)
2025-08-31 00:32:06,478 - main - DEBUG - [logger.py:72] - 파일 분석 시작: ../project/sampleSrc/src\main\java\com\example\service\impl\ListServiceImpl1.java
2025-08-31 00:32:06,481 - engine.metadata - DEBUG - [logger.py:72] - Java 분석 - 전체 엣지: 2, 저장 엣지: 1
2025-08-31 00:32:06,485 - main - ERROR - [logger.py:87] - 파일 분석 오류 ../project/sampleSrc/src\main\java\com\example\service\impl\ListServiceImpl1.java: (sqlite3.IntegrityError) NOT NULL constraint failed: edges.project_id
[SQL: INSERT INTO edges (project_id, src_type, src_id, dst_type, dst_id, edge_kind, confidence, meta, created_at) VALUES (?, ?, ?, ?, ?, ?, ?, ?, ?)]
[parameters: (None, 'method', 47, 'method', None, 'call', 0.8, '{"called_name": "helper"}', '2025-08-30 15:32:06.483818')]
(Background on this error at: https://sqlalche.me/e/20/gkpj)
2025-08-31 00:32:06,485 - main - DEBUG - [logger.py:72] - 파일 분석 시작: ../project/sampleSrc/src\main\java\com\example\util\Texts.java
2025-08-31 00:32:06,488 - engine.metadata - DEBUG - [logger.py:72] - Java 분석 - 전체 엣지: 1, 저장 엣지: 1
2025-08-31 00:32:06,490 - main - ERROR - [logger.py:87] - 파일 분석 오류 ../project/sampleSrc/src\main\java\com\example\util\Texts.java: (sqlite3.IntegrityError) NOT NULL constraint failed: edges.project_id
[SQL: INSERT INTO edges (project_id, src_type, src_id, dst_type, dst_id, edge_kind, confidence, meta, created_at) VALUES (?, ?, ?, ?, ?, ?, ?, ?, ?)]
[parameters: (None, 'method', 47, 'method', None, 'call', 0.8, '{"called_name": "isEmpty"}', '2025-08-30 15:32:06.488866')]
(Background on this error at: https://sqlalche.me/e/20/gkpj)
2025-08-31 00:32:06,491 - main - DEBUG - [logger.py:72] - 파일 분석 시작: ../project/sampleSrc/src\main\resources\mybatis\IntegratedMapper.xml
2025-08-31 00:32:06,510 - engine.metadata - DEBUG - [logger.py:72] - JSP/MyBatis 분석 - 전체 엣지: 0, 유효한 엣지: 0
2025-08-31 00:32:06,516 - main - DEBUG - [logger.py:72] - 파일 분석 시작: ../project/sampleSrc/src\main\resources\mybatis\OrderMapper.xml
2025-08-31 00:32:06,534 - engine.metadata - DEBUG - [logger.py:72] - JSP/MyBatis 분석 - 전체 엣지: 0, 유효한 엣지: 0
2025-08-31 00:32:06,534 - engine.metadata - INFO - [logger.py:76] - 취약점 저장 완료: 2개
2025-08-31 00:32:06,541 - main - DEBUG - [logger.py:72] - 파일 분석 시작: ../project/sampleSrc/src\main\resources\mybatis\ProductMapper.xml
2025-08-31 00:32:06,561 - engine.metadata - DEBUG - [logger.py:72] - JSP/MyBatis 분석 - 전체 엣지: 0, 유효한 엣지: 0
2025-08-31 00:32:06,561 - engine.metadata - INFO - [logger.py:76] - 취약점 저장 완료: 2개
2025-08-31 00:32:06,568 - main - DEBUG - [logger.py:72] - 파일 분석 시작: ../project/sampleSrc/src\main\resources\mybatis\TestJoinMapper.xml
2025-08-31 00:32:06,580 - engine.metadata - DEBUG - [logger.py:72] - JSP/MyBatis 분석 - 전체 엣지: 0, 유효한 엣지: 0
2025-08-31 00:32:06,584 - main - DEBUG - [logger.py:72] - 파일 분석 시작: ../project/sampleSrc/src\main\resources\mybatis\UserMapper.xml
2025-08-31 00:32:06,600 - engine.metadata - DEBUG - [logger.py:72] - JSP/MyBatis 분석 - 전체 엣지: 0, 유효한 엣지: 0
2025-08-31 00:32:06,601 - engine.metadata - INFO - [logger.py:76] - 취약점 저장 완료: 2개
2025-08-31 00:32:06,607 - main - DEBUG - [logger.py:72] - 파일 분석 시작: ../project/sampleSrc/src\main\webapp\WEB-INF\jsp\IntegratedView.jsp
2025-08-31 00:32:06,617 - engine.metadata - DEBUG - [logger.py:72] - JSP/MyBatis 분석 - 전체 엣지: 0, 유효한 엣지: 0
2025-08-31 00:32:06,617 - engine.metadata - INFO - [logger.py:76] - 취약점 저장 완료: 4개
2025-08-31 00:32:06,623 - main - DEBUG - [logger.py:72] - 파일 분석 시작: ../project/sampleSrc/src\main\webapp\WEB-INF\jsp\order\orderView.jsp
2025-08-31 00:32:06,643 - engine.metadata - DEBUG - [logger.py:72] - JSP/MyBatis 분석 - 전체 엣지: 0, 유효한 엣지: 0
2025-08-31 00:32:06,644 - engine.metadata - INFO - [logger.py:76] - 취약점 저장 완료: 14개
2025-08-31 00:32:06,650 - main - DEBUG - [logger.py:72] - 파일 분석 시작: ../project/sampleSrc/src\main\webapp\WEB-INF\jsp\product\productSearch.jsp
2025-08-31 00:32:06,694 - engine.metadata - DEBUG - [logger.py:72] - JSP/MyBatis 분석 - 전체 엣지: 0, 유효한 엣지: 0
2025-08-31 00:32:06,695 - engine.metadata - INFO - [logger.py:76] - 취약점 저장 완료: 21개
2025-08-31 00:32:06,702 - main - DEBUG - [logger.py:72] - 파일 분석 시작: ../project/sampleSrc/src\main\webapp\WEB-INF\jsp\user\userList.jsp
2025-08-31 00:32:06,713 - engine.metadata - DEBUG - [logger.py:72] - JSP/MyBatis 분석 - 전체 엣지: 0, 유효한 엣지: 0
2025-08-31 00:32:06,714 - engine.metadata - INFO - [logger.py:76] - 취약점 저장 완료: 9개
2025-08-31 00:32:06,719 - main - INFO - [logger.py:76] - 의존성 그래프 구축 중
2025-08-31 00:32:06,724 - engine.metadata - INFO - [logger.py:76] - 메서드 호출 관계 해결 완료: 0개 처리
2025-08-31 00:32:06,728 - engine.metadata - DEBUG - [logger.py:72] - 기본 스키마 'SAMPLE'에서 테이블 'public.o' 못 찾음, 전역 검색 시도
2025-08-31 00:32:06,729 - engine.metadata - WARNING - [logger.py:80] - 테이블을 찾을 수 없음: public.o (스키마: SAMPLE)
2025-08-31 00:32:06,729 - engine.metadata - DEBUG - [logger.py:72] - 기본 스키마 'SAMPLE'에서 테이블 'public.o' 못 찾음, 전역 검색 시도
2025-08-31 00:32:06,730 - engine.metadata - WARNING - [logger.py:80] - 테이블을 찾을 수 없음: public.o (스키마: SAMPLE)
2025-08-31 00:32:06,734 - engine.metadata - DEBUG - [logger.py:72] - 기본 스키마 'SAMPLE'에서 테이블 'public.p' 못 찾음, 전역 검색 시도
2025-08-31 00:32:06,735 - engine.metadata - WARNING - [logger.py:80] - 테이블을 찾을 수 없음: public.p (스키마: SAMPLE)
2025-08-31 00:32:06,740 - engine.metadata - DEBUG - [logger.py:72] - 기본 스키마 'SAMPLE'에서 테이블 'public.p' 못 찾음, 전역 검색 시도
2025-08-31 00:32:06,741 - engine.metadata - WARNING - [logger.py:80] - 테이블을 찾을 수 없음: public.p (스키마: SAMPLE)
2025-08-31 00:32:06,742 - engine.metadata - DEBUG - [logger.py:72] - 기본 스키마 'SAMPLE'에서 테이블 'public.p' 못 찾음, 전역 검색 시도
2025-08-31 00:32:06,742 - engine.metadata - WARNING - [logger.py:80] - 테이블을 찾을 수 없음: public.p (스키마: SAMPLE)
2025-08-31 00:32:06,746 - engine.metadata - DEBUG - [logger.py:72] - 기본 스키마 'SAMPLE'에서 테이블 'public.u' 못 찾음, 전역 검색 시도
2025-08-31 00:32:06,747 - engine.metadata - WARNING - [logger.py:80] - 테이블을 찾을 수 없음: public.u (스키마: SAMPLE)
2025-08-31 00:32:06,748 - engine.metadata - DEBUG - [logger.py:72] - 기본 스키마 'SAMPLE'에서 테이블 'public.u' 못 찾음, 전역 검색 시도
2025-08-31 00:32:06,749 - engine.metadata - WARNING - [logger.py:80] - 테이블을 찾을 수 없음: public.u (스키마: SAMPLE)
2025-08-31 00:32:06,750 - engine.metadata - DEBUG - [logger.py:72] - 기본 스키마 'SAMPLE'에서 테이블 'public.oi' 못 찾음, 전역 검색 시도
2025-08-31 00:32:06,750 - engine.metadata - WARNING - [logger.py:80] - 테이블을 찾을 수 없음: public.oi (스키마: SAMPLE)
2025-08-31 00:32:06,761 - engine.metadata - DEBUG - [logger.py:72] - 기본 스키마 'SAMPLE'에서 테이블 'public.o' 못 찾음, 전역 검색 시도
2025-08-31 00:32:06,762 - engine.metadata - WARNING - [logger.py:80] - 테이블을 찾을 수 없음: public.o (스키마: SAMPLE)
2025-08-31 00:32:06,763 - engine.metadata - DEBUG - [logger.py:72] - 기본 스키마 'SAMPLE'에서 테이블 'public.p' 못 찾음, 전역 검색 시도
2025-08-31 00:32:06,763 - engine.metadata - WARNING - [logger.py:80] - 테이블을 찾을 수 없음: public.p (스키마: SAMPLE)
2025-08-31 00:32:06,764 - engine.metadata - DEBUG - [logger.py:72] - 기본 스키마 'SAMPLE'에서 테이블 'public.p' 못 찾음, 전역 검색 시도
2025-08-31 00:32:06,764 - engine.metadata - WARNING - [logger.py:80] - 테이블을 찾을 수 없음: public.p (스키마: SAMPLE)
2025-08-31 00:32:06,766 - engine.metadata - DEBUG - [logger.py:72] - 기본 스키마 'SAMPLE'에서 테이블 'public.o' 못 찾음, 전역 검색 시도
2025-08-31 00:32:06,770 - engine.metadata - WARNING - [logger.py:80] - 테이블을 찾을 수 없음: public.o (스키마: SAMPLE)
2025-08-31 00:32:06,771 - engine.metadata - DEBUG - [logger.py:72] - 기본 스키마 'SAMPLE'에서 테이블 'public.o' 못 찾음, 전역 검색 시도
2025-08-31 00:32:06,771 - engine.metadata - WARNING - [logger.py:80] - 테이블을 찾을 수 없음: public.o (스키마: SAMPLE)
2025-08-31 00:32:06,775 - engine.metadata - DEBUG - [logger.py:72] - 기본 스키마 'SAMPLE'에서 테이블 'public.p' 못 찾음, 전역 검색 시도
2025-08-31 00:32:06,776 - engine.metadata - WARNING - [logger.py:80] - 테이블을 찾을 수 없음: public.p (스키마: SAMPLE)
2025-08-31 00:32:06,776 - engine.metadata - DEBUG - [logger.py:72] - 기본 스키마 'SAMPLE'에서 테이블 'public.p' 못 찾음, 전역 검색 시도
2025-08-31 00:32:06,777 - engine.metadata - WARNING - [logger.py:80] - 테이블을 찾을 수 없음: public.p (스키마: SAMPLE)
2025-08-31 00:32:06,778 - engine.metadata - DEBUG - [logger.py:72] - 기본 스키마 'SAMPLE'에서 테이블 'public.p' 못 찾음, 전역 검색 시도
2025-08-31 00:32:06,778 - engine.metadata - WARNING - [logger.py:80] - 테이블을 찾을 수 없음: public.p (스키마: SAMPLE)
2025-08-31 00:32:06,781 - engine.metadata - DEBUG - [logger.py:72] - 기본 스키마 'SAMPLE'에서 테이블 'public.u' 못 찾음, 전역 검색 시도
2025-08-31 00:32:06,782 - engine.metadata - WARNING - [logger.py:80] - 테이블을 찾을 수 없음: public.u (스키마: SAMPLE)
2025-08-31 00:32:06,788 - engine.metadata - DEBUG - [logger.py:72] - 기본 스키마 'SAMPLE'에서 테이블 'public.u' 못 찾음, 전역 검색 시도
2025-08-31 00:32:06,789 - engine.metadata - WARNING - [logger.py:80] - 테이블을 찾을 수 없음: public.u (스키마: SAMPLE)
2025-08-31 00:32:06,790 - engine.metadata - DEBUG - [logger.py:72] - 기본 스키마 'SAMPLE'에서 테이블 'public.oi' 못 찾음, 전역 검색 시도
2025-08-31 00:32:06,790 - engine.metadata - WARNING - [logger.py:80] - 테이블을 찾을 수 없음: public.oi (스키마: SAMPLE)
2025-08-31 00:32:06,795 - engine.metadata - DEBUG - [logger.py:72] - 기본 스키마 'SAMPLE'에서 테이블 'public.o' 못 찾음, 전역 검색 시도
2025-08-31 00:32:06,795 - engine.metadata - WARNING - [logger.py:80] - 테이블을 찾을 수 없음: public.o (스키마: SAMPLE)
2025-08-31 00:32:06,796 - engine.metadata - DEBUG - [logger.py:72] - 기본 스키마 'SAMPLE'에서 테이블 'public.p' 못 찾음, 전역 검색 시도
2025-08-31 00:32:06,797 - engine.metadata - WARNING - [logger.py:80] - 테이블을 찾을 수 없음: public.p (스키마: SAMPLE)
2025-08-31 00:32:06,797 - engine.metadata - DEBUG - [logger.py:72] - 기본 스키마 'SAMPLE'에서 테이블 'public.p' 못 찾음, 전역 검색 시도
2025-08-31 00:32:06,798 - engine.metadata - WARNING - [logger.py:80] - 테이블을 찾을 수 없음: public.p (스키마: SAMPLE)
2025-08-31 00:32:06,826 - main - INFO - [logger.py:76] - 프로젝트 분석 완료: sampleSrc (0.51초)
2025-08-31 00:32:06,827 - main - INFO - [logger.py:76] - 성능: 프로젝트 'sampleSrc' 전체 분석 | 0.51초
2025-08-31 08:18:34,523 - main - INFO - [logger.py:76] - 로깅 시스템 초기화 완료
2025-08-31 08:18:34,523 - main - INFO - [logger.py:76] - ============================================================
2025-08-31 08:18:34,524 - main - INFO - [logger.py:76] - 개선된 소스 분석기 시작
2025-08-31 08:18:34,524 - main - INFO - [logger.py:76] - ============================================================
2025-08-31 08:18:34,541 - main - INFO - [logger.py:76] - 데이터베이스 연결 성공
2025-08-31 08:18:34,544 - main - INFO - [logger.py:76] - 파서 초기화 완료: ['java', 'jsp_mybatis', 'sql']
2025-08-31 08:18:34,546 - confidence_validator - WARNING - [logger.py:80] - Ground truth file not found: ./config/phase1/ground_truth_data.json
2025-08-31 08:18:34,546 - confidence_validator - ERROR - [logger.py:87] - Failed to save ground truth data: [Errno 2] No such file or directory: './config/phase1/ground_truth_data.json'
2025-08-31 08:18:34,546 - confidence_validator - INFO - [logger.py:76] - Created sample ground truth data
2025-08-31 08:18:34,548 - main - INFO - [logger.py:76] - 프로젝트 분석 시작: sampleSrc
2025-08-31 08:18:34,584 - main - INFO - [logger.py:76] - DB 스키마 정보 로드 시작: sampleSrc
2025-08-31 08:18:34,584 - main - WARNING - [logger.py:80] - 분석할 소스 파일이 없습니다.
2025-08-31 08:21:50,732 - main - INFO - [logger.py:76] - 로깅 시스템 초기화 완료
2025-08-31 08:21:50,733 - main - INFO - [logger.py:76] - ============================================================
2025-08-31 08:21:50,733 - main - INFO - [logger.py:76] - 개선된 소스 분석기 시작
2025-08-31 08:21:50,733 - main - INFO - [logger.py:76] - ============================================================
2025-08-31 08:21:50,750 - main - INFO - [logger.py:76] - 데이터베이스 연결 성공
2025-08-31 08:21:50,753 - main - INFO - [logger.py:76] - 파서 초기화 완료: ['java', 'jsp_mybatis', 'sql']
2025-08-31 08:21:50,755 - confidence_validator - WARNING - [logger.py:80] - Ground truth file not found: ./config/phase1/ground_truth_data.json
2025-08-31 08:21:50,756 - confidence_validator - ERROR - [logger.py:87] - Failed to save ground truth data: [Errno 2] No such file or directory: './config/phase1/ground_truth_data.json'
2025-08-31 08:21:50,756 - confidence_validator - INFO - [logger.py:76] - Created sample ground truth data
2025-08-31 08:21:50,758 - main - INFO - [logger.py:76] - 프로젝트 분석 시작: sampleSrc
2025-08-31 08:21:50,794 - main - INFO - [logger.py:76] - DB 스키마 정보 로드 시작: sampleSrc
2025-08-31 08:21:50,794 - main - WARNING - [logger.py:80] - 분석할 소스 파일이 없습니다.
2025-08-31 08:22:40,557 - main - INFO - [logger.py:76] - 로깅 시스템 초기화 완료
2025-08-31 08:22:40,557 - main - INFO - [logger.py:76] - ============================================================
2025-08-31 08:22:40,557 - main - INFO - [logger.py:76] - 개선된 소스 분석기 시작
2025-08-31 08:22:40,557 - main - INFO - [logger.py:76] - ============================================================
2025-08-31 08:22:40,577 - main - INFO - [logger.py:76] - 데이터베이스 연결 성공
2025-08-31 08:22:40,579 - main - INFO - [logger.py:76] - 파서 초기화 완료: ['java', 'jsp_mybatis', 'sql']
2025-08-31 08:22:40,581 - confidence_validator - WARNING - [logger.py:80] - Ground truth file not found: ./config/phase1/ground_truth_data.json
2025-08-31 08:22:40,581 - confidence_validator - ERROR - [logger.py:87] - Failed to save ground truth data: [Errno 2] No such file or directory: './config/phase1/ground_truth_data.json'
2025-08-31 08:22:40,581 - confidence_validator - INFO - [logger.py:76] - Created sample ground truth data
2025-08-31 08:22:40,584 - main - INFO - [logger.py:76] - 프로젝트 분석 시작: sampleSrc
2025-08-31 08:22:40,616 - main - INFO - [logger.py:76] - DB 스키마 정보 로드 시작: sampleSrc
2025-08-31 08:22:40,616 - main - DEBUG - [logger.py:72] - 파일 수집 중: E:\SourceAnalyzer.git\project\sampleSrc\src
2025-08-31 08:22:40,616 - main - DEBUG - [logger.py:72] - 포함 패턴: ['**/*.java', '**/*.jsp', '**/*.xml', '**/*.properties']
2025-08-31 08:22:40,617 - main - DEBUG - [logger.py:72] - 제외 패턴: ['**/target/**', '**/build/**', '**/test/**', '**/.git/**']
2025-08-31 08:22:40,627 - main - DEBUG - [logger.py:72] - 수집된 파일 수: 22
2025-08-31 08:22:40,627 - main - INFO - [logger.py:76] - 발견된 소스 파일: 22개
2025-08-31 08:22:40,627 - main - DEBUG - [logger.py:72] - 파일 분석 시작: E:\SourceAnalyzer.git\project\sampleSrc\src\main\java\com\example\integrated\IntegratedMapper.java
2025-08-31 08:22:40,629 - main - ERROR - [logger.py:87] - 파일 분석 오류 E:\SourceAnalyzer.git\project\sampleSrc\src\main\java\com\example\integrated\IntegratedMapper.java: object tuple can't be used in 'await' expression
Traceback (most recent call last):
  File "E:\SourceAnalyzer.git\phase1\main.py", line 200, in _analyze_files
    await parser.parse_file(file_path, project_id)
TypeError: object tuple can't be used in 'await' expression
2025-08-31 08:22:40,629 - main - DEBUG - [logger.py:72] - 파일 분석 시작: E:\SourceAnalyzer.git\project\sampleSrc\src\main\java\com\example\integrated\IntegratedService.java
2025-08-31 08:22:40,632 - main - ERROR - [logger.py:87] - 파일 분석 오류 E:\SourceAnalyzer.git\project\sampleSrc\src\main\java\com\example\integrated\IntegratedService.java: object tuple can't be used in 'await' expression
Traceback (most recent call last):
  File "E:\SourceAnalyzer.git\phase1\main.py", line 200, in _analyze_files
    await parser.parse_file(file_path, project_id)
TypeError: object tuple can't be used in 'await' expression
2025-08-31 08:22:40,632 - main - DEBUG - [logger.py:72] - 파일 분석 시작: E:\SourceAnalyzer.git\project\sampleSrc\src\main\java\com\example\integrated\VulnerabilityTestService.java
2025-08-31 08:22:40,644 - main - ERROR - [logger.py:87] - 파일 분석 오류 E:\SourceAnalyzer.git\project\sampleSrc\src\main\java\com\example\integrated\VulnerabilityTestService.java: object tuple can't be used in 'await' expression
Traceback (most recent call last):
  File "E:\SourceAnalyzer.git\phase1\main.py", line 200, in _analyze_files
    await parser.parse_file(file_path, project_id)
TypeError: object tuple can't be used in 'await' expression
2025-08-31 08:22:40,645 - main - DEBUG - [logger.py:72] - 파일 분석 시작: E:\SourceAnalyzer.git\project\sampleSrc\src\main\java\com\example\mapper\OrderMapper.java
2025-08-31 08:22:40,647 - main - ERROR - [logger.py:87] - 파일 분석 오류 E:\SourceAnalyzer.git\project\sampleSrc\src\main\java\com\example\mapper\OrderMapper.java: object tuple can't be used in 'await' expression
Traceback (most recent call last):
  File "E:\SourceAnalyzer.git\phase1\main.py", line 200, in _analyze_files
    await parser.parse_file(file_path, project_id)
TypeError: object tuple can't be used in 'await' expression
2025-08-31 08:22:40,648 - main - DEBUG - [logger.py:72] - 파일 분석 시작: E:\SourceAnalyzer.git\project\sampleSrc\src\main\java\com\example\mapper\ProductMapper.java
2025-08-31 08:22:40,649 - main - ERROR - [logger.py:87] - 파일 분석 오류 E:\SourceAnalyzer.git\project\sampleSrc\src\main\java\com\example\mapper\ProductMapper.java: object tuple can't be used in 'await' expression
Traceback (most recent call last):
  File "E:\SourceAnalyzer.git\phase1\main.py", line 200, in _analyze_files
    await parser.parse_file(file_path, project_id)
TypeError: object tuple can't be used in 'await' expression
2025-08-31 08:22:40,649 - main - DEBUG - [logger.py:72] - 파일 분석 시작: E:\SourceAnalyzer.git\project\sampleSrc\src\main\java\com\example\mapper\UserMapper.java
2025-08-31 08:22:40,651 - main - ERROR - [logger.py:87] - 파일 분석 오류 E:\SourceAnalyzer.git\project\sampleSrc\src\main\java\com\example\mapper\UserMapper.java: object tuple can't be used in 'await' expression
Traceback (most recent call last):
  File "E:\SourceAnalyzer.git\phase1\main.py", line 200, in _analyze_files
    await parser.parse_file(file_path, project_id)
TypeError: object tuple can't be used in 'await' expression
2025-08-31 08:22:40,651 - main - DEBUG - [logger.py:72] - 파일 분석 시작: E:\SourceAnalyzer.git\project\sampleSrc\src\main\java\com\example\service\ListService.java
2025-08-31 08:22:40,652 - main - ERROR - [logger.py:87] - 파일 분석 오류 E:\SourceAnalyzer.git\project\sampleSrc\src\main\java\com\example\service\ListService.java: object tuple can't be used in 'await' expression
Traceback (most recent call last):
  File "E:\SourceAnalyzer.git\phase1\main.py", line 200, in _analyze_files
    await parser.parse_file(file_path, project_id)
TypeError: object tuple can't be used in 'await' expression
2025-08-31 08:22:40,652 - main - DEBUG - [logger.py:72] - 파일 분석 시작: E:\SourceAnalyzer.git\project\sampleSrc\src\main\java\com\example\service\OrderService.java
2025-08-31 08:22:40,655 - main - ERROR - [logger.py:87] - 파일 분석 오류 E:\SourceAnalyzer.git\project\sampleSrc\src\main\java\com\example\service\OrderService.java: object tuple can't be used in 'await' expression
Traceback (most recent call last):
  File "E:\SourceAnalyzer.git\phase1\main.py", line 200, in _analyze_files
    await parser.parse_file(file_path, project_id)
TypeError: object tuple can't be used in 'await' expression
2025-08-31 08:22:40,655 - main - DEBUG - [logger.py:72] - 파일 분석 시작: E:\SourceAnalyzer.git\project\sampleSrc\src\main\java\com\example\service\OverloadService.java
2025-08-31 08:22:40,656 - main - ERROR - [logger.py:87] - 파일 분석 오류 E:\SourceAnalyzer.git\project\sampleSrc\src\main\java\com\example\service\OverloadService.java: object tuple can't be used in 'await' expression
Traceback (most recent call last):
  File "E:\SourceAnalyzer.git\phase1\main.py", line 200, in _analyze_files
    await parser.parse_file(file_path, project_id)
TypeError: object tuple can't be used in 'await' expression
2025-08-31 08:22:40,657 - main - DEBUG - [logger.py:72] - 파일 분석 시작: E:\SourceAnalyzer.git\project\sampleSrc\src\main\java\com\example\service\ProductService.java
2025-08-31 08:22:40,659 - main - ERROR - [logger.py:87] - 파일 분석 오류 E:\SourceAnalyzer.git\project\sampleSrc\src\main\java\com\example\service\ProductService.java: object tuple can't be used in 'await' expression
Traceback (most recent call last):
  File "E:\SourceAnalyzer.git\phase1\main.py", line 200, in _analyze_files
    await parser.parse_file(file_path, project_id)
TypeError: object tuple can't be used in 'await' expression
2025-08-31 08:22:40,660 - main - DEBUG - [logger.py:72] - 파일 분석 시작: E:\SourceAnalyzer.git\project\sampleSrc\src\main\java\com\example\service\UserService.java
2025-08-31 08:22:40,662 - main - ERROR - [logger.py:87] - 파일 분석 오류 E:\SourceAnalyzer.git\project\sampleSrc\src\main\java\com\example\service\UserService.java: object tuple can't be used in 'await' expression
Traceback (most recent call last):
  File "E:\SourceAnalyzer.git\phase1\main.py", line 200, in _analyze_files
    await parser.parse_file(file_path, project_id)
TypeError: object tuple can't be used in 'await' expression
2025-08-31 08:22:40,662 - main - DEBUG - [logger.py:72] - 파일 분석 시작: E:\SourceAnalyzer.git\project\sampleSrc\src\main\java\com\example\util\Texts.java
2025-08-31 08:22:40,663 - main - ERROR - [logger.py:87] - 파일 분석 오류 E:\SourceAnalyzer.git\project\sampleSrc\src\main\java\com\example\util\Texts.java: object tuple can't be used in 'await' expression
Traceback (most recent call last):
  File "E:\SourceAnalyzer.git\phase1\main.py", line 200, in _analyze_files
    await parser.parse_file(file_path, project_id)
TypeError: object tuple can't be used in 'await' expression
2025-08-31 08:22:40,663 - main - DEBUG - [logger.py:72] - 파일 분석 시작: E:\SourceAnalyzer.git\project\sampleSrc\src\main\java\com\example\service\impl\ListServiceImpl1.java
2025-08-31 08:22:40,664 - main - ERROR - [logger.py:87] - 파일 분석 오류 E:\SourceAnalyzer.git\project\sampleSrc\src\main\java\com\example\service\impl\ListServiceImpl1.java: object tuple can't be used in 'await' expression
Traceback (most recent call last):
  File "E:\SourceAnalyzer.git\phase1\main.py", line 200, in _analyze_files
    await parser.parse_file(file_path, project_id)
TypeError: object tuple can't be used in 'await' expression
2025-08-31 08:22:40,664 - main - DEBUG - [logger.py:72] - 파일 분석 시작: E:\SourceAnalyzer.git\project\sampleSrc\src\main\webapp\WEB-INF\jsp\IntegratedView.jsp
2025-08-31 08:22:40,673 - main - ERROR - [logger.py:87] - 파일 분석 오류 E:\SourceAnalyzer.git\project\sampleSrc\src\main\webapp\WEB-INF\jsp\IntegratedView.jsp: object tuple can't be used in 'await' expression
Traceback (most recent call last):
  File "E:\SourceAnalyzer.git\phase1\main.py", line 200, in _analyze_files
    await parser.parse_file(file_path, project_id)
TypeError: object tuple can't be used in 'await' expression
2025-08-31 08:22:40,674 - main - DEBUG - [logger.py:72] - 파일 분석 시작: E:\SourceAnalyzer.git\project\sampleSrc\src\main\webapp\WEB-INF\jsp\order\orderView.jsp
2025-08-31 08:22:40,690 - main - ERROR - [logger.py:87] - 파일 분석 오류 E:\SourceAnalyzer.git\project\sampleSrc\src\main\webapp\WEB-INF\jsp\order\orderView.jsp: object tuple can't be used in 'await' expression
Traceback (most recent call last):
  File "E:\SourceAnalyzer.git\phase1\main.py", line 200, in _analyze_files
    await parser.parse_file(file_path, project_id)
TypeError: object tuple can't be used in 'await' expression
2025-08-31 08:22:40,690 - main - DEBUG - [logger.py:72] - 파일 분석 시작: E:\SourceAnalyzer.git\project\sampleSrc\src\main\webapp\WEB-INF\jsp\product\productSearch.jsp
2025-08-31 08:22:40,729 - main - ERROR - [logger.py:87] - 파일 분석 오류 E:\SourceAnalyzer.git\project\sampleSrc\src\main\webapp\WEB-INF\jsp\product\productSearch.jsp: object tuple can't be used in 'await' expression
Traceback (most recent call last):
  File "E:\SourceAnalyzer.git\phase1\main.py", line 200, in _analyze_files
    await parser.parse_file(file_path, project_id)
TypeError: object tuple can't be used in 'await' expression
2025-08-31 08:22:40,730 - main - DEBUG - [logger.py:72] - 파일 분석 시작: E:\SourceAnalyzer.git\project\sampleSrc\src\main\webapp\WEB-INF\jsp\user\userList.jsp
2025-08-31 08:22:40,740 - main - ERROR - [logger.py:87] - 파일 분석 오류 E:\SourceAnalyzer.git\project\sampleSrc\src\main\webapp\WEB-INF\jsp\user\userList.jsp: object tuple can't be used in 'await' expression
Traceback (most recent call last):
  File "E:\SourceAnalyzer.git\phase1\main.py", line 200, in _analyze_files
    await parser.parse_file(file_path, project_id)
TypeError: object tuple can't be used in 'await' expression
2025-08-31 08:22:40,740 - main - DEBUG - [logger.py:72] - 파일 분석 시작: E:\SourceAnalyzer.git\project\sampleSrc\src\main\resources\mybatis\IntegratedMapper.xml
2025-08-31 08:22:40,757 - main - ERROR - [logger.py:87] - 파일 분석 오류 E:\SourceAnalyzer.git\project\sampleSrc\src\main\resources\mybatis\IntegratedMapper.xml: object tuple can't be used in 'await' expression
Traceback (most recent call last):
  File "E:\SourceAnalyzer.git\phase1\main.py", line 200, in _analyze_files
    await parser.parse_file(file_path, project_id)
TypeError: object tuple can't be used in 'await' expression
2025-08-31 08:22:40,757 - main - DEBUG - [logger.py:72] - 파일 분석 시작: E:\SourceAnalyzer.git\project\sampleSrc\src\main\resources\mybatis\OrderMapper.xml
2025-08-31 08:22:40,769 - main - ERROR - [logger.py:87] - 파일 분석 오류 E:\SourceAnalyzer.git\project\sampleSrc\src\main\resources\mybatis\OrderMapper.xml: object tuple can't be used in 'await' expression
Traceback (most recent call last):
  File "E:\SourceAnalyzer.git\phase1\main.py", line 200, in _analyze_files
    await parser.parse_file(file_path, project_id)
TypeError: object tuple can't be used in 'await' expression
2025-08-31 08:22:40,770 - main - DEBUG - [logger.py:72] - 파일 분석 시작: E:\SourceAnalyzer.git\project\sampleSrc\src\main\resources\mybatis\ProductMapper.xml
2025-08-31 08:22:40,783 - main - ERROR - [logger.py:87] - 파일 분석 오류 E:\SourceAnalyzer.git\project\sampleSrc\src\main\resources\mybatis\ProductMapper.xml: object tuple can't be used in 'await' expression
Traceback (most recent call last):
  File "E:\SourceAnalyzer.git\phase1\main.py", line 200, in _analyze_files
    await parser.parse_file(file_path, project_id)
TypeError: object tuple can't be used in 'await' expression
2025-08-31 08:22:40,784 - main - DEBUG - [logger.py:72] - 파일 분석 시작: E:\SourceAnalyzer.git\project\sampleSrc\src\main\resources\mybatis\TestJoinMapper.xml
2025-08-31 08:22:40,792 - main - ERROR - [logger.py:87] - 파일 분석 오류 E:\SourceAnalyzer.git\project\sampleSrc\src\main\resources\mybatis\TestJoinMapper.xml: object tuple can't be used in 'await' expression
Traceback (most recent call last):
  File "E:\SourceAnalyzer.git\phase1\main.py", line 200, in _analyze_files
    await parser.parse_file(file_path, project_id)
TypeError: object tuple can't be used in 'await' expression
2025-08-31 08:22:40,792 - main - DEBUG - [logger.py:72] - 파일 분석 시작: E:\SourceAnalyzer.git\project\sampleSrc\src\main\resources\mybatis\UserMapper.xml
2025-08-31 08:22:40,802 - main - ERROR - [logger.py:87] - 파일 분석 오류 E:\SourceAnalyzer.git\project\sampleSrc\src\main\resources\mybatis\UserMapper.xml: object tuple can't be used in 'await' expression
Traceback (most recent call last):
  File "E:\SourceAnalyzer.git\phase1\main.py", line 200, in _analyze_files
    await parser.parse_file(file_path, project_id)
TypeError: object tuple can't be used in 'await' expression
2025-08-31 08:22:40,805 - engine.metadata - INFO - [logger.py:76] - 메서드 호출 관계 해결 완료: 0개 처리
2025-08-31 08:22:40,808 - main - INFO - [logger.py:76] - 프로젝트 분석 완료: sampleSrc
2025-08-31 08:23:28,478 - main - INFO - [logger.py:76] - 로깅 시스템 초기화 완료
2025-08-31 08:23:28,479 - main - INFO - [logger.py:76] - ============================================================
2025-08-31 08:23:28,479 - main - INFO - [logger.py:76] - 개선된 소스 분석기 시작
2025-08-31 08:23:28,479 - main - INFO - [logger.py:76] - ============================================================
2025-08-31 08:23:28,498 - main - INFO - [logger.py:76] - 데이터베이스 연결 성공
2025-08-31 08:23:28,500 - main - INFO - [logger.py:76] - 파서 초기화 완료: ['java', 'jsp_mybatis', 'sql']
2025-08-31 08:23:28,502 - confidence_validator - WARNING - [logger.py:80] - Ground truth file not found: ./config/phase1/ground_truth_data.json
2025-08-31 08:23:28,502 - confidence_validator - ERROR - [logger.py:87] - Failed to save ground truth data: [Errno 2] No such file or directory: './config/phase1/ground_truth_data.json'
2025-08-31 08:23:28,502 - confidence_validator - INFO - [logger.py:76] - Created sample ground truth data
2025-08-31 08:23:28,504 - main - INFO - [logger.py:76] - 프로젝트 분석 시작: sampleSrc
2025-08-31 08:23:28,537 - main - INFO - [logger.py:76] - DB 스키마 정보 로드 시작: sampleSrc
2025-08-31 08:23:28,538 - main - DEBUG - [logger.py:72] - 파일 수집 중: E:\SourceAnalyzer.git\project\sampleSrc\src
2025-08-31 08:23:28,538 - main - DEBUG - [logger.py:72] - 포함 패턴: ['**/*.java', '**/*.jsp', '**/*.xml', '**/*.properties']
2025-08-31 08:23:28,538 - main - DEBUG - [logger.py:72] - 제외 패턴: ['**/target/**', '**/build/**', '**/test/**', '**/.git/**']
2025-08-31 08:23:28,550 - main - DEBUG - [logger.py:72] - 수집된 파일 수: 22
2025-08-31 08:23:28,550 - main - INFO - [logger.py:76] - 발견된 소스 파일: 22개
2025-08-31 08:23:28,550 - main - DEBUG - [logger.py:72] - 파일 분석 시작: E:\SourceAnalyzer.git\project\sampleSrc\src\main\java\com\example\integrated\IntegratedMapper.java
2025-08-31 08:23:28,552 - main - DEBUG - [logger.py:72] - 파일 분석 시작: E:\SourceAnalyzer.git\project\sampleSrc\src\main\java\com\example\integrated\IntegratedService.java
2025-08-31 08:23:28,555 - main - DEBUG - [logger.py:72] - 파일 분석 시작: E:\SourceAnalyzer.git\project\sampleSrc\src\main\java\com\example\integrated\VulnerabilityTestService.java
2025-08-31 08:23:28,564 - main - DEBUG - [logger.py:72] - 파일 분석 시작: E:\SourceAnalyzer.git\project\sampleSrc\src\main\java\com\example\mapper\OrderMapper.java
2025-08-31 08:23:28,566 - main - DEBUG - [logger.py:72] - 파일 분석 시작: E:\SourceAnalyzer.git\project\sampleSrc\src\main\java\com\example\mapper\ProductMapper.java
2025-08-31 08:23:28,567 - main - DEBUG - [logger.py:72] - 파일 분석 시작: E:\SourceAnalyzer.git\project\sampleSrc\src\main\java\com\example\mapper\UserMapper.java
2025-08-31 08:23:28,569 - main - DEBUG - [logger.py:72] - 파일 분석 시작: E:\SourceAnalyzer.git\project\sampleSrc\src\main\java\com\example\service\ListService.java
2025-08-31 08:23:28,569 - main - DEBUG - [logger.py:72] - 파일 분석 시작: E:\SourceAnalyzer.git\project\sampleSrc\src\main\java\com\example\service\OrderService.java
2025-08-31 08:23:28,572 - main - DEBUG - [logger.py:72] - 파일 분석 시작: E:\SourceAnalyzer.git\project\sampleSrc\src\main\java\com\example\service\OverloadService.java
2025-08-31 08:23:28,574 - main - DEBUG - [logger.py:72] - 파일 분석 시작: E:\SourceAnalyzer.git\project\sampleSrc\src\main\java\com\example\service\ProductService.java
2025-08-31 08:23:28,576 - main - DEBUG - [logger.py:72] - 파일 분석 시작: E:\SourceAnalyzer.git\project\sampleSrc\src\main\java\com\example\service\UserService.java
2025-08-31 08:23:28,578 - main - DEBUG - [logger.py:72] - 파일 분석 시작: E:\SourceAnalyzer.git\project\sampleSrc\src\main\java\com\example\util\Texts.java
2025-08-31 08:23:28,579 - main - DEBUG - [logger.py:72] - 파일 분석 시작: E:\SourceAnalyzer.git\project\sampleSrc\src\main\java\com\example\service\impl\ListServiceImpl1.java
2025-08-31 08:23:28,580 - main - DEBUG - [logger.py:72] - 파일 분석 시작: E:\SourceAnalyzer.git\project\sampleSrc\src\main\webapp\WEB-INF\jsp\IntegratedView.jsp
2025-08-31 08:23:28,589 - main - DEBUG - [logger.py:72] - 파일 분석 시작: E:\SourceAnalyzer.git\project\sampleSrc\src\main\webapp\WEB-INF\jsp\order\orderView.jsp
2025-08-31 08:23:28,606 - main - DEBUG - [logger.py:72] - 파일 분석 시작: E:\SourceAnalyzer.git\project\sampleSrc\src\main\webapp\WEB-INF\jsp\product\productSearch.jsp
2025-08-31 08:23:28,645 - main - DEBUG - [logger.py:72] - 파일 분석 시작: E:\SourceAnalyzer.git\project\sampleSrc\src\main\webapp\WEB-INF\jsp\user\userList.jsp
2025-08-31 08:23:28,655 - main - DEBUG - [logger.py:72] - 파일 분석 시작: E:\SourceAnalyzer.git\project\sampleSrc\src\main\resources\mybatis\IntegratedMapper.xml
2025-08-31 08:23:28,664 - main - DEBUG - [logger.py:72] - 파일 분석 시작: E:\SourceAnalyzer.git\project\sampleSrc\src\main\resources\mybatis\OrderMapper.xml
2025-08-31 08:23:28,676 - main - DEBUG - [logger.py:72] - 파일 분석 시작: E:\SourceAnalyzer.git\project\sampleSrc\src\main\resources\mybatis\ProductMapper.xml
2025-08-31 08:23:28,689 - main - DEBUG - [logger.py:72] - 파일 분석 시작: E:\SourceAnalyzer.git\project\sampleSrc\src\main\resources\mybatis\TestJoinMapper.xml
2025-08-31 08:23:28,697 - main - DEBUG - [logger.py:72] - 파일 분석 시작: E:\SourceAnalyzer.git\project\sampleSrc\src\main\resources\mybatis\UserMapper.xml
2025-08-31 08:23:28,711 - engine.metadata - INFO - [logger.py:76] - 메서드 호출 관계 해결 완료: 0개 처리
2025-08-31 08:23:28,715 - main - INFO - [logger.py:76] - 프로젝트 분석 완료: sampleSrc
2025-08-31 08:25:52,478 - main - INFO - [logger.py:76] - 로깅 시스템 초기화 완료
2025-08-31 08:25:52,478 - main - INFO - [logger.py:76] - ============================================================
2025-08-31 08:25:52,478 - main - INFO - [logger.py:76] - 개선된 소스 분석기 시작
2025-08-31 08:25:52,478 - main - INFO - [logger.py:76] - ============================================================
2025-08-31 08:25:52,495 - main - INFO - [logger.py:76] - 데이터베이스 연결 성공
2025-08-31 08:25:52,498 - main - INFO - [logger.py:76] - 파서 초기화 완료: ['java', 'jsp_mybatis', 'sql']
2025-08-31 08:25:52,500 - confidence_validator - WARNING - [logger.py:80] - Ground truth file not found: ./config/phase1/ground_truth_data.json
2025-08-31 08:25:52,501 - confidence_validator - ERROR - [logger.py:87] - Failed to save ground truth data: [Errno 2] No such file or directory: './config/phase1/ground_truth_data.json'
2025-08-31 08:25:52,501 - confidence_validator - INFO - [logger.py:76] - Created sample ground truth data
2025-08-31 08:25:52,503 - main - INFO - [logger.py:76] - 프로젝트 분석 시작: sampleSrc
2025-08-31 08:25:52,535 - main - INFO - [logger.py:76] - DB 스키마 정보 로드 시작: sampleSrc
2025-08-31 08:25:52,535 - main - DEBUG - [logger.py:72] - 파일 수집 중: E:\SourceAnalyzer.git\project\sampleSrc\src
2025-08-31 08:25:52,535 - main - DEBUG - [logger.py:72] - 포함 패턴: ['**/*.java', '**/*.jsp', '**/*.xml', '**/*.properties']
2025-08-31 08:25:52,535 - main - DEBUG - [logger.py:72] - 제외 패턴: ['**/target/**', '**/build/**', '**/test/**', '**/.git/**']
2025-08-31 08:25:52,548 - main - DEBUG - [logger.py:72] - 수집된 파일 수: 22
2025-08-31 08:25:52,548 - main - INFO - [logger.py:76] - 발견된 소스 파일: 22개
2025-08-31 08:25:52,548 - main - DEBUG - [logger.py:72] - 파일 분석 시작: E:\SourceAnalyzer.git\project\sampleSrc\src\main\java\com\example\integrated\IntegratedMapper.java
2025-08-31 08:25:52,550 - main - DEBUG - [logger.py:72] - 파일 분석 시작: E:\SourceAnalyzer.git\project\sampleSrc\src\main\java\com\example\integrated\IntegratedService.java
2025-08-31 08:25:52,553 - main - DEBUG - [logger.py:72] - 파일 분석 시작: E:\SourceAnalyzer.git\project\sampleSrc\src\main\java\com\example\integrated\VulnerabilityTestService.java
2025-08-31 08:25:52,562 - main - DEBUG - [logger.py:72] - 파일 분석 시작: E:\SourceAnalyzer.git\project\sampleSrc\src\main\java\com\example\mapper\OrderMapper.java
2025-08-31 08:25:52,564 - main - DEBUG - [logger.py:72] - 파일 분석 시작: E:\SourceAnalyzer.git\project\sampleSrc\src\main\java\com\example\mapper\ProductMapper.java
2025-08-31 08:25:52,565 - main - DEBUG - [logger.py:72] - 파일 분석 시작: E:\SourceAnalyzer.git\project\sampleSrc\src\main\java\com\example\mapper\UserMapper.java
2025-08-31 08:25:52,567 - main - DEBUG - [logger.py:72] - 파일 분석 시작: E:\SourceAnalyzer.git\project\sampleSrc\src\main\java\com\example\service\ListService.java
2025-08-31 08:25:52,567 - main - DEBUG - [logger.py:72] - 파일 분석 시작: E:\SourceAnalyzer.git\project\sampleSrc\src\main\java\com\example\service\OrderService.java
2025-08-31 08:25:52,570 - main - DEBUG - [logger.py:72] - 파일 분석 시작: E:\SourceAnalyzer.git\project\sampleSrc\src\main\java\com\example\service\OverloadService.java
2025-08-31 08:25:52,571 - main - DEBUG - [logger.py:72] - 파일 분석 시작: E:\SourceAnalyzer.git\project\sampleSrc\src\main\java\com\example\service\ProductService.java
2025-08-31 08:25:52,574 - main - DEBUG - [logger.py:72] - 파일 분석 시작: E:\SourceAnalyzer.git\project\sampleSrc\src\main\java\com\example\service\UserService.java
2025-08-31 08:25:52,576 - main - DEBUG - [logger.py:72] - 파일 분석 시작: E:\SourceAnalyzer.git\project\sampleSrc\src\main\java\com\example\util\Texts.java
2025-08-31 08:25:52,577 - main - DEBUG - [logger.py:72] - 파일 분석 시작: E:\SourceAnalyzer.git\project\sampleSrc\src\main\java\com\example\service\impl\ListServiceImpl1.java
2025-08-31 08:25:52,578 - main - DEBUG - [logger.py:72] - 파일 분석 시작: E:\SourceAnalyzer.git\project\sampleSrc\src\main\webapp\WEB-INF\jsp\IntegratedView.jsp
2025-08-31 08:25:52,588 - main - DEBUG - [logger.py:72] - 파일 분석 시작: E:\SourceAnalyzer.git\project\sampleSrc\src\main\webapp\WEB-INF\jsp\order\orderView.jsp
2025-08-31 08:25:52,605 - main - DEBUG - [logger.py:72] - 파일 분석 시작: E:\SourceAnalyzer.git\project\sampleSrc\src\main\webapp\WEB-INF\jsp\product\productSearch.jsp
2025-08-31 08:25:52,646 - main - DEBUG - [logger.py:72] - 파일 분석 시작: E:\SourceAnalyzer.git\project\sampleSrc\src\main\webapp\WEB-INF\jsp\user\userList.jsp
2025-08-31 08:25:52,655 - main - DEBUG - [logger.py:72] - 파일 분석 시작: E:\SourceAnalyzer.git\project\sampleSrc\src\main\resources\mybatis\IntegratedMapper.xml
2025-08-31 08:25:52,664 - main - DEBUG - [logger.py:72] - 파일 분석 시작: E:\SourceAnalyzer.git\project\sampleSrc\src\main\resources\mybatis\OrderMapper.xml
2025-08-31 08:25:52,676 - main - DEBUG - [logger.py:72] - 파일 분석 시작: E:\SourceAnalyzer.git\project\sampleSrc\src\main\resources\mybatis\ProductMapper.xml
2025-08-31 08:25:52,690 - main - DEBUG - [logger.py:72] - 파일 분석 시작: E:\SourceAnalyzer.git\project\sampleSrc\src\main\resources\mybatis\TestJoinMapper.xml
2025-08-31 08:25:52,699 - main - DEBUG - [logger.py:72] - 파일 분석 시작: E:\SourceAnalyzer.git\project\sampleSrc\src\main\resources\mybatis\UserMapper.xml
2025-08-31 08:25:52,711 - engine.metadata - INFO - [logger.py:76] - 메서드 호출 관계 해결 완료: 0개 처리
2025-08-31 08:25:52,714 - main - INFO - [logger.py:76] - 프로젝트 분석 완료: sampleSrc
2025-08-31 08:40:29,996 - main - INFO - [logger.py:76] - 로깅 시스템 초기화 완료
2025-08-31 08:40:29,997 - main - INFO - [logger.py:76] - ============================================================
2025-08-31 08:40:29,997 - main - INFO - [logger.py:76] - 개선된 소스 분석기 시작
2025-08-31 08:40:29,997 - main - INFO - [logger.py:76] - ============================================================
2025-08-31 08:40:30,014 - main - INFO - [logger.py:76] - 데이터베이스 연결 성공
2025-08-31 08:40:30,016 - main - INFO - [logger.py:76] - 파서 초기화 완료: ['java', 'jsp_mybatis', 'sql']
2025-08-31 08:40:30,018 - confidence_validator - WARNING - [logger.py:80] - Ground truth file not found: ./config/phase1/ground_truth_data.json
2025-08-31 08:40:30,019 - confidence_validator - ERROR - [logger.py:87] - Failed to save ground truth data: [Errno 2] No such file or directory: './config/phase1/ground_truth_data.json'
2025-08-31 08:40:30,019 - confidence_validator - INFO - [logger.py:76] - Created sample ground truth data
2025-08-31 08:40:30,020 - main - INFO - [logger.py:76] - 프로젝트 분석 시작: sampleSrc
2025-08-31 08:40:30,054 - main - INFO - [logger.py:76] - DB 스키마 정보 로드 시작: sampleSrc
2025-08-31 08:40:30,054 - main - DEBUG - [logger.py:72] - 파일 수집 중: E:\SourceAnalyzer.git\project\sampleSrc\src
2025-08-31 08:40:30,054 - main - DEBUG - [logger.py:72] - 포함 패턴: ['**/*.java', '**/*.jsp', '**/*.xml', '**/*.properties']
2025-08-31 08:40:30,055 - main - DEBUG - [logger.py:72] - 제외 패턴: ['**/target/**', '**/build/**', '**/test/**', '**/.git/**']
2025-08-31 08:40:30,065 - main - DEBUG - [logger.py:72] - 수집된 파일 수: 22
2025-08-31 08:40:30,065 - main - INFO - [logger.py:76] - 발견된 소스 파일: 22개
2025-08-31 08:40:30,065 - main - DEBUG - [logger.py:72] - 파일 분석 시작: E:\SourceAnalyzer.git\project\sampleSrc\src\main\java\com\example\integrated\IntegratedMapper.java
2025-08-31 08:40:30,071 - main - ERROR - [logger.py:87] - 데이터베이스 저장 오류 E:\SourceAnalyzer.git\project\sampleSrc\src\main\java\com\example\integrated\IntegratedMapper.java: (sqlite3.IntegrityError) NOT NULL constraint failed: classes.file_id
[SQL: INSERT INTO classes (file_id, fqn, name, start_line, end_line, modifiers, annotations) VALUES (?, ?, ?, ?, ?, ?, ?)]
[parameters: (None, 'com.example.integrated.IntegratedMapper', 'IntegratedMapper', 6, 16, '["interface", "public"]', '[]')]
(Background on this error at: https://sqlalche.me/e/20/gkpj)
2025-08-31 08:40:30,071 - main - DEBUG - [logger.py:72] - 파일 분석 시작: E:\SourceAnalyzer.git\project\sampleSrc\src\main\java\com\example\integrated\IntegratedService.java
2025-08-31 08:40:30,077 - main - ERROR - [logger.py:87] - 데이터베이스 저장 오류 E:\SourceAnalyzer.git\project\sampleSrc\src\main\java\com\example\integrated\IntegratedService.java: (sqlite3.IntegrityError) NOT NULL constraint failed: edges.project_id
[SQL: INSERT INTO edges (project_id, src_type, src_id, dst_type, dst_id, edge_kind, confidence, meta, created_at) VALUES (?, ?, ?, ?, ?, ?, ?, ?, ?) RETURNING edge_id]
[parameters: (None, 'method', None, 'method', None, 'call', 0.8, '{"called_name": "doWork"}', '2025-08-30 23:40:30.076774')]
(Background on this error at: https://sqlalche.me/e/20/gkpj)
2025-08-31 08:40:30,077 - main - DEBUG - [logger.py:72] - 파일 분석 시작: E:\SourceAnalyzer.git\project\sampleSrc\src\main\java\com\example\integrated\VulnerabilityTestService.java
2025-08-31 08:40:30,088 - main - ERROR - [logger.py:87] - 데이터베이스 저장 오류 E:\SourceAnalyzer.git\project\sampleSrc\src\main\java\com\example\integrated\VulnerabilityTestService.java: (sqlite3.IntegrityError) NOT NULL constraint failed: edges.project_id
[SQL: INSERT INTO edges (project_id, src_type, src_id, dst_type, dst_id, edge_kind, confidence, meta, created_at) VALUES (?, ?, ?, ?, ?, ?, ?, ?, ?) RETURNING edge_id]
[parameters: (None, 'method', None, 'method', None, 'call', 0.8, '{"called_name": "executeVulnerableQuery"}', '2025-08-30 23:40:30.087550')]
(Background on this error at: https://sqlalche.me/e/20/gkpj)
2025-08-31 08:40:30,088 - main - DEBUG - [logger.py:72] - 파일 분석 시작: E:\SourceAnalyzer.git\project\sampleSrc\src\main\java\com\example\mapper\OrderMapper.java
2025-08-31 08:40:30,093 - main - ERROR - [logger.py:87] - 데이터베이스 저장 오류 E:\SourceAnalyzer.git\project\sampleSrc\src\main\java\com\example\mapper\OrderMapper.java: (sqlite3.IntegrityError) NOT NULL constraint failed: classes.file_id
[SQL: INSERT INTO classes (file_id, fqn, name, start_line, end_line, modifiers, annotations) VALUES (?, ?, ?, ?, ?, ?, ?)]
[parameters: (None, 'com.example.mapper.OrderMapper', 'OrderMapper', 10, 20, '["interface", "public"]', '[{"name": "Mapper", "element": null}]')]
(Background on this error at: https://sqlalche.me/e/20/gkpj)
2025-08-31 08:40:30,093 - main - DEBUG - [logger.py:72] - 파일 분석 시작: E:\SourceAnalyzer.git\project\sampleSrc\src\main\java\com\example\mapper\ProductMapper.java
2025-08-31 08:40:30,098 - main - ERROR - [logger.py:87] - 데이터베이스 저장 오류 E:\SourceAnalyzer.git\project\sampleSrc\src\main\java\com\example\mapper\ProductMapper.java: (sqlite3.IntegrityError) NOT NULL constraint failed: classes.file_id
[SQL: INSERT INTO classes (file_id, fqn, name, start_line, end_line, modifiers, annotations) VALUES (?, ?, ?, ?, ?, ?, ?)]
[parameters: (None, 'com.example.mapper.ProductMapper', 'ProductMapper', 9, 19, '["interface", "public"]', '[{"name": "Mapper", "element": null}]')]
(Background on this error at: https://sqlalche.me/e/20/gkpj)
2025-08-31 08:40:30,098 - main - DEBUG - [logger.py:72] - 파일 분석 시작: E:\SourceAnalyzer.git\project\sampleSrc\src\main\java\com\example\mapper\UserMapper.java
2025-08-31 08:40:30,103 - main - ERROR - [logger.py:87] - 데이터베이스 저장 오류 E:\SourceAnalyzer.git\project\sampleSrc\src\main\java\com\example\mapper\UserMapper.java: (sqlite3.IntegrityError) NOT NULL constraint failed: classes.file_id
[SQL: INSERT INTO classes (file_id, fqn, name, start_line, end_line, modifiers, annotations) VALUES (?, ?, ?, ?, ?, ?, ?)]
[parameters: (None, 'com.example.mapper.UserMapper', 'UserMapper', 9, 19, '["interface", "public"]', '[{"name": "Mapper", "element": null}]')]
(Background on this error at: https://sqlalche.me/e/20/gkpj)
2025-08-31 08:40:30,103 - main - DEBUG - [logger.py:72] - 파일 분석 시작: E:\SourceAnalyzer.git\project\sampleSrc\src\main\java\com\example\service\ListService.java
2025-08-31 08:40:30,106 - main - ERROR - [logger.py:87] - 데이터베이스 저장 오류 E:\SourceAnalyzer.git\project\sampleSrc\src\main\java\com\example\service\ListService.java: (sqlite3.IntegrityError) NOT NULL constraint failed: classes.file_id
[SQL: INSERT INTO classes (file_id, fqn, name, start_line, end_line, modifiers, annotations) VALUES (?, ?, ?, ?, ?, ?, ?)]
[parameters: (None, 'com.example.service.ListService', 'ListService', 3, 13, '["interface", "public"]', '[]')]
(Background on this error at: https://sqlalche.me/e/20/gkpj)
2025-08-31 08:40:30,106 - main - DEBUG - [logger.py:72] - 파일 분석 시작: E:\SourceAnalyzer.git\project\sampleSrc\src\main\java\com\example\service\OrderService.java
2025-08-31 08:40:30,111 - main - ERROR - [logger.py:87] - 데이터베이스 저장 오류 E:\SourceAnalyzer.git\project\sampleSrc\src\main\java\com\example\service\OrderService.java: (sqlite3.IntegrityError) NOT NULL constraint failed: edges.project_id
[SQL: INSERT INTO edges (project_id, src_type, src_id, dst_type, dst_id, edge_kind, confidence, meta, created_at) VALUES (?, ?, ?, ?, ?, ?, ?, ?, ?) RETURNING edge_id]
[parameters: (None, 'method', None, 'method', None, 'call', 0.8, '{"called_name": "add"}', '2025-08-30 23:40:30.110893')]
(Background on this error at: https://sqlalche.me/e/20/gkpj)
2025-08-31 08:40:30,111 - main - DEBUG - [logger.py:72] - 파일 분석 시작: E:\SourceAnalyzer.git\project\sampleSrc\src\main\java\com\example\service\OverloadService.java
2025-08-31 08:40:30,113 - main - ERROR - [logger.py:87] - 데이터베이스 저장 오류 E:\SourceAnalyzer.git\project\sampleSrc\src\main\java\com\example\service\OverloadService.java: (sqlite3.IntegrityError) NOT NULL constraint failed: edges.project_id
[SQL: INSERT INTO edges (project_id, src_type, src_id, dst_type, dst_id, edge_kind, confidence, meta, created_at) VALUES (?, ?, ?, ?, ?, ?, ?, ?, ?)]
[parameters: (None, 'method', None, 'method', None, 'call', 0.8, '{"called_name": "list"}', '2025-08-30 23:40:30.113174')]
(Background on this error at: https://sqlalche.me/e/20/gkpj)
2025-08-31 08:40:30,113 - main - DEBUG - [logger.py:72] - 파일 분석 시작: E:\SourceAnalyzer.git\project\sampleSrc\src\main\java\com\example\service\ProductService.java
2025-08-31 08:40:30,116 - main - ERROR - [logger.py:87] - 데이터베이스 저장 오류 E:\SourceAnalyzer.git\project\sampleSrc\src\main\java\com\example\service\ProductService.java: (sqlite3.IntegrityError) NOT NULL constraint failed: edges.project_id
[SQL: INSERT INTO edges (project_id, src_type, src_id, dst_type, dst_id, edge_kind, confidence, meta, created_at) VALUES (?, ?, ?, ?, ?, ?, ?, ?, ?) RETURNING edge_id]
[parameters: (None, 'method', None, 'method', None, 'call', 0.8, '{"called_name": "selectAllProducts"}', '2025-08-30 23:40:30.116563')]
(Background on this error at: https://sqlalche.me/e/20/gkpj)
2025-08-31 08:40:30,116 - main - DEBUG - [logger.py:72] - 파일 분석 시작: E:\SourceAnalyzer.git\project\sampleSrc\src\main\java\com\example\service\UserService.java
2025-08-31 08:40:30,119 - main - ERROR - [logger.py:87] - 데이터베이스 저장 오류 E:\SourceAnalyzer.git\project\sampleSrc\src\main\java\com\example\service\UserService.java: (sqlite3.IntegrityError) NOT NULL constraint failed: edges.project_id
[SQL: INSERT INTO edges (project_id, src_type, src_id, dst_type, dst_id, edge_kind, confidence, meta, created_at) VALUES (?, ?, ?, ?, ?, ?, ?, ?, ?) RETURNING edge_id]
[parameters: (None, 'method', None, 'method', None, 'call', 0.8, '{"called_name": "ofNullable"}', '2025-08-30 23:40:30.119419')]
(Background on this error at: https://sqlalche.me/e/20/gkpj)
2025-08-31 08:40:30,119 - main - DEBUG - [logger.py:72] - 파일 분석 시작: E:\SourceAnalyzer.git\project\sampleSrc\src\main\java\com\example\util\Texts.java
2025-08-31 08:40:30,120 - main - ERROR - [logger.py:87] - 데이터베이스 저장 오류 E:\SourceAnalyzer.git\project\sampleSrc\src\main\java\com\example\util\Texts.java: (sqlite3.IntegrityError) NOT NULL constraint failed: edges.project_id
[SQL: INSERT INTO edges (project_id, src_type, src_id, dst_type, dst_id, edge_kind, confidence, meta, created_at) VALUES (?, ?, ?, ?, ?, ?, ?, ?, ?)]
[parameters: (None, 'method', None, 'method', None, 'call', 0.8, '{"called_name": "isEmpty"}', '2025-08-30 23:40:30.120758')]
(Background on this error at: https://sqlalche.me/e/20/gkpj)
2025-08-31 08:40:30,121 - main - DEBUG - [logger.py:72] - 파일 분석 시작: E:\SourceAnalyzer.git\project\sampleSrc\src\main\java\com\example\service\impl\ListServiceImpl1.java
2025-08-31 08:40:30,122 - main - ERROR - [logger.py:87] - 데이터베이스 저장 오류 E:\SourceAnalyzer.git\project\sampleSrc\src\main\java\com\example\service\impl\ListServiceImpl1.java: (sqlite3.IntegrityError) NOT NULL constraint failed: edges.project_id
[SQL: INSERT INTO edges (project_id, src_type, src_id, dst_type, dst_id, edge_kind, confidence, meta, created_at) VALUES (?, ?, ?, ?, ?, ?, ?, ?, ?) RETURNING edge_id]
[parameters: (None, 'method', None, 'method', None, 'call', 0.8, '{"called_name": "helper"}', '2025-08-30 23:40:30.122159')]
(Background on this error at: https://sqlalche.me/e/20/gkpj)
2025-08-31 08:40:30,122 - main - DEBUG - [logger.py:72] - 파일 분석 시작: E:\SourceAnalyzer.git\project\sampleSrc\src\main\webapp\WEB-INF\jsp\IntegratedView.jsp
2025-08-31 08:40:30,132 - main - DEBUG - [logger.py:72] - 파일 분석 시작: E:\SourceAnalyzer.git\project\sampleSrc\src\main\webapp\WEB-INF\jsp\order\orderView.jsp
2025-08-31 08:40:30,148 - main - DEBUG - [logger.py:72] - 파일 분석 시작: E:\SourceAnalyzer.git\project\sampleSrc\src\main\webapp\WEB-INF\jsp\product\productSearch.jsp
2025-08-31 08:40:30,187 - main - DEBUG - [logger.py:72] - 파일 분석 시작: E:\SourceAnalyzer.git\project\sampleSrc\src\main\webapp\WEB-INF\jsp\user\userList.jsp
2025-08-31 08:40:30,196 - main - DEBUG - [logger.py:72] - 파일 분석 시작: E:\SourceAnalyzer.git\project\sampleSrc\src\main\resources\mybatis\IntegratedMapper.xml
2025-08-31 08:40:30,206 - main - DEBUG - [logger.py:72] - 파일 분석 시작: E:\SourceAnalyzer.git\project\sampleSrc\src\main\resources\mybatis\OrderMapper.xml
2025-08-31 08:40:30,217 - main - DEBUG - [logger.py:72] - 파일 분석 시작: E:\SourceAnalyzer.git\project\sampleSrc\src\main\resources\mybatis\ProductMapper.xml
2025-08-31 08:40:30,231 - main - DEBUG - [logger.py:72] - 파일 분석 시작: E:\SourceAnalyzer.git\project\sampleSrc\src\main\resources\mybatis\TestJoinMapper.xml
2025-08-31 08:40:30,239 - main - DEBUG - [logger.py:72] - 파일 분석 시작: E:\SourceAnalyzer.git\project\sampleSrc\src\main\resources\mybatis\UserMapper.xml
2025-08-31 08:40:30,250 - engine.metadata - INFO - [logger.py:76] - 메서드 호출 관계 해결 완료: 0개 처리
2025-08-31 08:40:30,254 - main - INFO - [logger.py:76] - 프로젝트 분석 완료: sampleSrc
